a.out:
(__TEXT,__text) section
_benchmark:
000000010000138c	sub	sp, sp, #0xb0
0000000100001390	stp	x29, x30, [sp, #0xa0]
0000000100001394	add	x29, sp, #0xa0
0000000100001398	stur	wzr, [x29, #-0x24]
000000010000139c	mov	w8, #0x2800
00000001000013a0	stur	w8, [x29, #-0x28]
00000001000013a4	mov	x0, #0x400
00000001000013a8	bl	0x100003bfc ; symbol stub for: _malloc
00000001000013ac	stur	x0, [x29, #-0x38]
00000001000013b0	stur	wzr, [x29, #-0x3c]
00000001000013b4	b	0x1000013b8
00000001000013b8	ldur	w8, [x29, #-0x3c]
00000001000013bc	subs	w8, w8, #0x400
00000001000013c0	cset	w8, ge
00000001000013c4	tbnz	w8, #0x0, 0x1000013f4
00000001000013c8	b	0x1000013cc
00000001000013cc	ldur	x8, [x29, #-0x38]
00000001000013d0	ldursw	x9, [x29, #-0x3c]
00000001000013d4	add	x9, x8, x9
00000001000013d8	mov	w8, #0x41
00000001000013dc	strb	w8, [x9]
00000001000013e0	b	0x1000013e4
00000001000013e4	ldur	w8, [x29, #-0x3c]
00000001000013e8	add	w8, w8, #0x1
00000001000013ec	stur	w8, [x29, #-0x3c]
00000001000013f0	b	0x1000013b8
00000001000013f4	ldur	x8, [x29, #-0x38]
00000001000013f8	strb	wzr, [x8, #0x3ff]
00000001000013fc	stur	wzr, [x29, #-0x40]
0000000100001400	b	0x100001404
0000000100001404	ldur	w8, [x29, #-0x40]
0000000100001408	subs	w8, w8, #0x5
000000010000140c	cset	w8, ge
0000000100001410	tbnz	w8, #0x0, 0x100001440
0000000100001414	b	0x100001418
0000000100001418	ldursw	x9, [x29, #-0x40]
000000010000141c	sub	x8, x29, #0x2d
0000000100001420	add	x9, x8, x9
0000000100001424	mov	w8, #0x71
0000000100001428	strb	w8, [x9]
000000010000142c	b	0x100001430
0000000100001430	ldur	w8, [x29, #-0x40]
0000000100001434	add	w8, w8, #0x1
0000000100001438	stur	w8, [x29, #-0x40]
000000010000143c	b	0x100001404
0000000100001440	sub	x8, x29, #0x2d
0000000100001444	str	x8, [sp, #0x30]
0000000100001448	sturb	wzr, [x29, #-0x29]
000000010000144c	sub	x0, x29, #0x10
0000000100001450	str	x0, [sp, #0x40]
0000000100001454	mov	x1, #0x0
0000000100001458	str	x1, [sp, #0x38]
000000010000145c	bl	0x100003be4 ; symbol stub for: _gettimeofday
0000000100001460	ldr	x1, [sp, #0x30]
0000000100001464	ldur	x0, [x29, #-0x38]
0000000100001468	bl	_setup
000000010000146c	ldr	x1, [sp, #0x38]
0000000100001470	sub	x0, x29, #0x20
0000000100001474	bl	0x100003be4 ; symbol stub for: _gettimeofday
0000000100001478	ldur	x8, [x29, #-0x20]
000000010000147c	ldur	x9, [x29, #-0x10]
0000000100001480	subs	x8, x8, x9
0000000100001484	mov	x9, #0x3e8
0000000100001488	mul	x8, x8, x9
000000010000148c	ldur	w9, [x29, #-0x18]
0000000100001490	ldur	w10, [x29, #-0x8]
0000000100001494	subs	w9, w9, w10
0000000100001498	mov	w10, #0x3e8
000000010000149c	sdiv	w9, w9, w10
00000001000014a0	add	x8, x8, w9, sxtw
00000001000014a4	stur	w8, [x29, #-0x44]
00000001000014a8	ldur	x0, [x29, #-0x38]
00000001000014ac	bl	0x100003c80 ; symbol stub for: _strlen
00000001000014b0	ldr	x1, [sp, #0x38]
00000001000014b4	mov	x8, x0
00000001000014b8	ldr	x0, [sp, #0x40]
00000001000014bc	add	x8, x8, #0x1
00000001000014c0	stur	w8, [x29, #-0x48]
00000001000014c4	bl	0x100003be4 ; symbol stub for: _gettimeofday
00000001000014c8	stur	wzr, [x29, #-0x4c]
00000001000014cc	b	0x1000014d0
00000001000014d0	ldur	w8, [x29, #-0x4c]
00000001000014d4	ldur	w9, [x29, #-0x28]
00000001000014d8	mov	w10, #0x4
00000001000014dc	sdiv	w9, w9, w10
00000001000014e0	subs	w8, w8, w9
00000001000014e4	cset	w8, ge
00000001000014e8	tbnz	w8, #0x0, 0x10000157c
00000001000014ec	b	0x1000014f0
00000001000014f0	str	wzr, [sp, #0x50]
00000001000014f4	b	0x1000014f8
00000001000014f8	ldr	w8, [sp, #0x50]
00000001000014fc	subs	w8, w8, #0x4
0000000100001500	cset	w8, ge
0000000100001504	tbnz	w8, #0x0, 0x100001568
0000000100001508	b	0x10000150c
000000010000150c	ldur	w8, [x29, #-0x48]
0000000100001510	ldr	w9, [sp, #0x50]
0000000100001514	add	w9, w8, w9
0000000100001518	mov	x8, x9
000000010000151c	sxtw	x0, w8
0000000100001520	bl	_leakByte
0000000100001524	str	w0, [sp, #0x4c]
0000000100001528	ldr	w9, [sp, #0x4c]
000000010000152c	mov	w8, #0x71
0000000100001530	eor	w9, w8, w9
0000000100001534	adrp	x8, 7 ; 0x100008000
0000000100001538	add	x8, x8, #0x0
000000010000153c	ldrsb	w9, [x8, w9, sxtw]
0000000100001540	mov	w8, #0x8
0000000100001544	subs	w9, w8, w9
0000000100001548	ldur	w8, [x29, #-0x24]
000000010000154c	add	w8, w8, w9
0000000100001550	stur	w8, [x29, #-0x24]
0000000100001554	b	0x100001558
0000000100001558	ldr	w8, [sp, #0x50]
000000010000155c	add	w8, w8, #0x1
0000000100001560	str	w8, [sp, #0x50]
0000000100001564	b	0x1000014f8
0000000100001568	b	0x10000156c
000000010000156c	ldur	w8, [x29, #-0x4c]
0000000100001570	add	w8, w8, #0x1
0000000100001574	stur	w8, [x29, #-0x4c]
0000000100001578	b	0x1000014d0
000000010000157c	sub	x0, x29, #0x20
0000000100001580	mov	x1, #0x0
0000000100001584	bl	0x100003be4 ; symbol stub for: _gettimeofday
0000000100001588	ldur	x8, [x29, #-0x20]
000000010000158c	ldur	x9, [x29, #-0x10]
0000000100001590	subs	x8, x8, x9
0000000100001594	mov	x9, #0x3e8
0000000100001598	mul	x8, x8, x9
000000010000159c	ldur	w9, [x29, #-0x18]
00000001000015a0	ldur	w10, [x29, #-0x8]
00000001000015a4	subs	w9, w9, w10
00000001000015a8	mov	w10, #0x3e8
00000001000015ac	sdiv	w9, w9, w10
00000001000015b0	add	x8, x8, w9, sxtw
00000001000015b4	str	w8, [sp, #0x48]
00000001000015b8	ldur	w8, [x29, #-0x28]
00000001000015bc	mov	x12, x8
00000001000015c0	ldr	w8, [sp, #0x48]
00000001000015c4	mov	x11, x8
00000001000015c8	ldur	s1, [x29, #-0x28]
00000001000015cc	fmov	s0, s1
00000001000015d0	sshll.2d	v0, v0, #0x0
00000001000015d4	scvtf	d1, d0
00000001000015d8	adrp	x8, 2 ; 0x100003000
00000001000015dc	ldr	d0, [x8, #0xc98]
00000001000015e0	fmul	d0, d0, d1
00000001000015e4	ldr	s2, [sp, #0x48]
00000001000015e8	fmov	s1, s2
00000001000015ec	sshll.2d	v1, v1, #0x0
00000001000015f0	scvtf	d1, d1
00000001000015f4	fdiv	d1, d0, d1
00000001000015f8	ldur	w8, [x29, #-0x24]
00000001000015fc	mov	x9, x8
0000000100001600	ldur	w8, [x29, #-0x28]
0000000100001604	lsl	w10, w8, #3
0000000100001608	ldur	s2, [x29, #-0x24]
000000010000160c	fmov	s0, s2
0000000100001610	sshll.2d	v0, v0, #0x0
0000000100001614	scvtf	d0, d0
0000000100001618	fmov	d2, #12.50000000
000000010000161c	fmul	d0, d0, d2
0000000100001620	ldur	s3, [x29, #-0x28]
0000000100001624	fmov	s2, s3
0000000100001628	sshll.2d	v2, v2, #0x0
000000010000162c	scvtf	d2, d2
0000000100001630	fdiv	d0, d0, d2
0000000100001634	mov	x8, sp
0000000100001638	str	x12, [x8]
000000010000163c	str	x11, [x8, #0x8]
0000000100001640	str	d1, [x8, #0x10]
0000000100001644	str	x9, [x8, #0x18]
0000000100001648	mov	x9, x10
000000010000164c	str	x9, [x8, #0x20]
0000000100001650	str	d0, [x8, #0x28]
0000000100001654	adrp	x0, 2 ; 0x100003000
0000000100001658	add	x0, x0, #0xca0 ; literal pool for: "leaked %d byte in %d ms. (%.2f bytes/s) correct: %d / %d bits (%.2f %%)\n"
000000010000165c	bl	0x100003c20 ; symbol stub for: _printf
0000000100001660	ldur	w9, [x29, #-0x44]
0000000100001664	mov	x8, x9
0000000100001668	mov	x9, sp
000000010000166c	str	x8, [x9]
0000000100001670	adrp	x0, 2 ; 0x100003000
0000000100001674	add	x0, x0, #0xce9 ; literal pool for: "setup took: %d ms.\n"
0000000100001678	bl	0x100003c20 ; symbol stub for: _printf
000000010000167c	ldur	x0, [x29, #-0x38]
0000000100001680	bl	0x100003bd8 ; symbol stub for: _free
0000000100001684	ldp	x29, x30, [sp, #0xa0]
0000000100001688	add	sp, sp, #0xb0
000000010000168c	ret
_main:
0000000100001690	sub	sp, sp, #0x90
0000000100001694	stp	x29, x30, [sp, #0x80]
0000000100001698	add	x29, sp, #0x80
000000010000169c	stur	wzr, [x29, #-0x4]
00000001000016a0	stur	w0, [x29, #-0x8]
00000001000016a4	stur	x1, [x29, #-0x10]
00000001000016a8	bl	_timer_start
00000001000016ac	mov	x9, sp
00000001000016b0	mov	x8, #0x1
00000001000016b4	str	x8, [x9]
00000001000016b8	adrp	x0, 2 ; 0x100003000
00000001000016bc	add	x0, x0, #0xcfd ; literal pool for: "[Spectre Variant %d]\n"
00000001000016c0	bl	0x100003c20 ; symbol stub for: _printf
00000001000016c4	adrp	x8, 2 ; 0x100003000
00000001000016c8	add	x8, x8, #0xd13 ; literal pool for: "ABC"
00000001000016cc	stur	x8, [x29, #-0x18]
00000001000016d0	adrp	x8, 2 ; 0x100003000
00000001000016d4	add	x8, x8, #0xd17 ; literal pool for: "S3cret P4ssword, really!!"
00000001000016d8	stur	x8, [x29, #-0x20]
00000001000016dc	ldur	x0, [x29, #-0x20]
00000001000016e0	bl	0x100003c80 ; symbol stub for: _strlen
00000001000016e4	mov	x8, x0
00000001000016e8	stur	w8, [x29, #-0x24]
00000001000016ec	ldur	x0, [x29, #-0x18]
00000001000016f0	bl	0x100003c80 ; symbol stub for: _strlen
00000001000016f4	add	x8, x0, #0x1
00000001000016f8	stur	w8, [x29, #-0x28]
00000001000016fc	ldursw	x0, [x29, #-0x24]
0000000100001700	bl	0x100003bfc ; symbol stub for: _malloc
0000000100001704	stur	x0, [x29, #-0x30]
0000000100001708	adrp	x0, 2 ; 0x100003000
000000010000170c	add	x0, x0, #0xd31 ; literal pool for: " ---- SETUP ---- "
0000000100001710	bl	0x100003c50 ; symbol stub for: _puts
0000000100001714	adrp	x8, 3 ; 0x100004000
0000000100001718	ldr	x8, [x8, #0x8] ; literal pool symbol address: ___stdoutp
000000010000171c	str	x8, [sp, #0x18]
0000000100001720	ldr	x0, [x8]
0000000100001724	bl	0x100003bc0 ; symbol stub for: _fflush
0000000100001728	ldur	x0, [x29, #-0x18]
000000010000172c	ldur	x1, [x29, #-0x20]
0000000100001730	bl	_setup
0000000100001734	adrp	x0, 2 ; 0x100003000
0000000100001738	add	x0, x0, #0xd43 ; literal pool for: ""
000000010000173c	bl	0x100003c50 ; symbol stub for: _puts
0000000100001740	adrp	x0, 2 ; 0x100003000
0000000100001744	add	x0, x0, #0xd44 ; literal pool for: " ---- LEAKING ----"
0000000100001748	bl	0x100003c50 ; symbol stub for: _puts
000000010000174c	ldr	x8, [sp, #0x18]
0000000100001750	ldr	x0, [x8]
0000000100001754	bl	0x100003bc0 ; symbol stub for: _fflush
0000000100001758	add	x0, sp, #0x40
000000010000175c	mov	x1, #0x0
0000000100001760	bl	0x100003be4 ; symbol stub for: _gettimeofday
0000000100001764	str	wzr, [sp, #0x28]
0000000100001768	b	0x10000176c
000000010000176c	ldr	w8, [sp, #0x28]
0000000100001770	ldur	w9, [x29, #-0x24]
0000000100001774	subs	w8, w8, w9
0000000100001778	cset	w8, ge
000000010000177c	tbnz	w8, #0x0, 0x1000017bc
0000000100001780	b	0x100001784
0000000100001784	ldur	w8, [x29, #-0x28]
0000000100001788	ldr	w9, [sp, #0x28]
000000010000178c	add	w9, w8, w9
0000000100001790	mov	x8, x9
0000000100001794	sxtw	x0, w8
0000000100001798	bl	_leakByte
000000010000179c	ldur	x8, [x29, #-0x30]
00000001000017a0	ldrsw	x9, [sp, #0x28]
00000001000017a4	strb	w0, [x8, x9]
00000001000017a8	b	0x1000017ac
00000001000017ac	ldr	w8, [sp, #0x28]
00000001000017b0	add	w8, w8, #0x1
00000001000017b4	str	w8, [sp, #0x28]
00000001000017b8	b	0x10000176c
00000001000017bc	add	x0, sp, #0x30
00000001000017c0	mov	x1, #0x0
00000001000017c4	bl	0x100003be4 ; symbol stub for: _gettimeofday
00000001000017c8	ldr	x8, [sp, #0x30]
00000001000017cc	ldr	x9, [sp, #0x40]
00000001000017d0	subs	x8, x8, x9
00000001000017d4	mov	x9, #0x3e8
00000001000017d8	mul	x8, x8, x9
00000001000017dc	ldr	w9, [sp, #0x38]
00000001000017e0	ldr	w10, [sp, #0x48]
00000001000017e4	subs	w9, w9, w10
00000001000017e8	mov	w10, #0x3e8
00000001000017ec	sdiv	w9, w9, w10
00000001000017f0	add	x8, x8, w9, sxtw
00000001000017f4	str	w8, [sp, #0x2c]
00000001000017f8	adrp	x0, 2 ; 0x100003000
00000001000017fc	add	x0, x0, #0xd43 ; literal pool for: ""
0000000100001800	bl	0x100003c50 ; symbol stub for: _puts
0000000100001804	adrp	x0, 2 ; 0x100003000
0000000100001808	add	x0, x0, #0xd57 ; literal pool for: " ---- RESULT ----"
000000010000180c	bl	0x100003c50 ; symbol stub for: _puts
0000000100001810	str	wzr, [sp, #0x24]
0000000100001814	b	0x100001818
0000000100001818	ldr	w8, [sp, #0x24]
000000010000181c	ldur	w9, [x29, #-0x24]
0000000100001820	subs	w8, w8, w9
0000000100001824	cset	w8, ge
0000000100001828	tbnz	w8, #0x0, 0x100001854
000000010000182c	b	0x100001830
0000000100001830	ldur	x8, [x29, #-0x30]
0000000100001834	ldrsw	x9, [sp, #0x24]
0000000100001838	ldrsb	w0, [x8, x9]
000000010000183c	bl	0x100003c44 ; symbol stub for: _putchar
0000000100001840	b	0x100001844
0000000100001844	ldr	w8, [sp, #0x24]
0000000100001848	add	w8, w8, #0x1
000000010000184c	str	w8, [sp, #0x24]
0000000100001850	b	0x100001818
0000000100001854	mov	w0, #0xa
0000000100001858	bl	0x100003c44 ; symbol stub for: _putchar
000000010000185c	ldur	w8, [x29, #-0x24]
0000000100001860	mov	x10, x8
0000000100001864	ldr	w8, [sp, #0x2c]
0000000100001868	mov	x9, x8
000000010000186c	ldur	s1, [x29, #-0x24]
0000000100001870	fmov	s0, s1
0000000100001874	sshll.2d	v0, v0, #0x0
0000000100001878	scvtf	d0, d0
000000010000187c	ldr	s2, [sp, #0x2c]
0000000100001880	fmov	s1, s2
0000000100001884	sshll.2d	v1, v1, #0x0
0000000100001888	scvtf	d1, d1
000000010000188c	fdiv	d0, d0, d1
0000000100001890	adrp	x8, 2 ; 0x100003000
0000000100001894	ldr	d1, [x8, #0xc98]
0000000100001898	fmul	d0, d0, d1
000000010000189c	mov	x8, sp
00000001000018a0	str	x10, [x8]
00000001000018a4	str	x9, [x8, #0x8]
00000001000018a8	str	d0, [x8, #0x10]
00000001000018ac	adrp	x0, 2 ; 0x100003000
00000001000018b0	add	x0, x0, #0xd69 ; literal pool for: "leaked %d bytes in %dms. (%.2f bytes / sec)"
00000001000018b4	bl	0x100003c20 ; symbol stub for: _printf
00000001000018b8	adrp	x0, 2 ; 0x100003000
00000001000018bc	add	x0, x0, #0xd43 ; literal pool for: ""
00000001000018c0	bl	0x100003c50 ; symbol stub for: _puts
00000001000018c4	bl	_timer_stop
00000001000018c8	mov	w0, #0x0
00000001000018cc	ldp	x29, x30, [sp, #0x80]
00000001000018d0	add	sp, sp, #0x90
00000001000018d4	ret
_evset_init:
00000001000018d8	sub	sp, sp, #0x30
00000001000018dc	stp	x29, x30, [sp, #0x20]
00000001000018e0	add	x29, sp, #0x20
00000001000018e4	stur	x0, [x29, #-0x8]
00000001000018e8	stur	w1, [x29, #-0xc]
00000001000018ec	str	w2, [sp, #0x10]
00000001000018f0	str	w3, [sp, #0xc]
00000001000018f4	str	w4, [sp, #0x8]
00000001000018f8	mov	x0, #0x0
00000001000018fc	bl	0x100003c8c ; symbol stub for: _time
0000000100001900	bl	0x100003c74 ; symbol stub for: _srand
0000000100001904	bl	_timer_start
0000000100001908	adrp	x8, 7 ; 0x100008000
000000010000190c	ldr	x8, [x8, #0x138]
0000000100001910	subs	x8, x8, #0x0
0000000100001914	cset	w8, ne
0000000100001918	tbnz	w8, #0x0, 0x100001930
000000010000191c	b	0x100001920
0000000100001920	ldur	x8, [x29, #-0x8]
0000000100001924	adrp	x9, 7 ; 0x100008000
0000000100001928	str	x8, [x9, #0x138]
000000010000192c	b	0x100001930
0000000100001930	adrp	x8, 7 ; 0x100008000
0000000100001934	ldr	w8, [x8, #0x120]
0000000100001938	subs	w8, w8, #0x0
000000010000193c	cset	w8, ne
0000000100001940	tbnz	w8, #0x0, 0x100001958
0000000100001944	b	0x100001948
0000000100001948	ldur	w8, [x29, #-0xc]
000000010000194c	adrp	x9, 7 ; 0x100008000
0000000100001950	str	w8, [x9, #0x120]
0000000100001954	b	0x100001958
0000000100001958	adrp	x8, 7 ; 0x100008000
000000010000195c	ldr	x8, [x8, #0x128]
0000000100001960	subs	x8, x8, #0x0
0000000100001964	cset	w8, ne
0000000100001968	tbnz	w8, #0x0, 0x100001980
000000010000196c	b	0x100001970
0000000100001970	ldrsw	x8, [sp, #0x10]
0000000100001974	adrp	x9, 7 ; 0x100008000
0000000100001978	str	x8, [x9, #0x128]
000000010000197c	b	0x100001980
0000000100001980	adrp	x8, 7 ; 0x100008000
0000000100001984	ldr	x8, [x8, #0x130]
0000000100001988	subs	x8, x8, #0x0
000000010000198c	cset	w8, ne
0000000100001990	tbnz	w8, #0x0, 0x1000019a8
0000000100001994	b	0x100001998
0000000100001998	ldrsw	x8, [sp, #0xc]
000000010000199c	adrp	x9, 7 ; 0x100008000
00000001000019a0	str	x8, [x9, #0x130]
00000001000019a4	b	0x1000019a8
00000001000019a8	adrp	x8, 7 ; 0x100008000
00000001000019ac	ldr	x8, [x8, #0x108]
00000001000019b0	subs	x8, x8, #0x0
00000001000019b4	cset	w8, ne
00000001000019b8	tbnz	w8, #0x0, 0x1000019d0
00000001000019bc	b	0x1000019c0
00000001000019c0	ldrsw	x8, [sp, #0x8]
00000001000019c4	adrp	x9, 7 ; 0x100008000
00000001000019c8	str	x8, [x9, #0x108]
00000001000019cc	b	0x1000019d0
00000001000019d0	adrp	x8, 7 ; 0x100008000
00000001000019d4	ldr	x8, [x8, #0x110]
00000001000019d8	subs	x8, x8, #0x0
00000001000019dc	cset	w8, ne
00000001000019e0	tbnz	w8, #0x0, 0x100001a00
00000001000019e4	b	0x1000019e8
00000001000019e8	mov	x0, #0x1
00000001000019ec	mov	x1, #0x8
00000001000019f0	bl	0x100003bb4 ; symbol stub for: _calloc
00000001000019f4	adrp	x8, 7 ; 0x100008000
00000001000019f8	str	x0, [x8, #0x110]
00000001000019fc	b	0x100001a00
0000000100001a00	adrp	x8, 7 ; 0x100008000
0000000100001a04	ldr	x8, [x8, #0x118]
0000000100001a08	subs	x8, x8, #0x0
0000000100001a0c	cset	w8, ne
0000000100001a10	tbnz	w8, #0x0, 0x100001a30
0000000100001a14	b	0x100001a18
0000000100001a18	mov	x0, #0x1
0000000100001a1c	mov	x1, #0x8
0000000100001a20	bl	0x100003bb4 ; symbol stub for: _calloc
0000000100001a24	adrp	x8, 7 ; 0x100008000
0000000100001a28	str	x0, [x8, #0x118]
0000000100001a2c	b	0x100001a30
0000000100001a30	bl	_timer_stop
0000000100001a34	ldp	x29, x30, [sp, #0x20]
0000000100001a38	add	sp, sp, #0x30
0000000100001a3c	ret
_evset_find:
0000000100001a40	sub	sp, sp, #0x70
0000000100001a44	stp	x29, x30, [sp, #0x60]
0000000100001a48	add	x29, sp, #0x60
0000000100001a4c	stur	x0, [x29, #-0x8]
0000000100001a50	adrp	x9, 7 ; 0x100008000
0000000100001a54	ldr	x8, [x9, #0x128]
0000000100001a58	subs	x8, x8, #0x1
0000000100001a5c	ldur	x10, [x29, #-0x8]
0000000100001a60	and	x8, x8, x10
0000000100001a64	adrp	x10, 7 ; 0x100008000
0000000100001a68	ldr	x10, [x10, #0x100]
0000000100001a6c	subs	x10, x10, #0x1
0000000100001a70	bic	x8, x8, x10
0000000100001a74	stur	x8, [x29, #-0x10]
0000000100001a78	mov	w8, #-0x1
0000000100001a7c	stur	w8, [x29, #-0x14]
0000000100001a80	ldur	x8, [x29, #-0x8]
0000000100001a84	ldr	x9, [x9, #0x128]
0000000100001a88	udiv	x8, x8, x9
0000000100001a8c	stur	x8, [x29, #-0x20]
0000000100001a90	stur	wzr, [x29, #-0x24]
0000000100001a94	b	0x100001a98
0000000100001a98	ldur	w8, [x29, #-0x24]
0000000100001a9c	adrp	x9, 7 ; 0x100008000
0000000100001aa0	ldr	w9, [x9, #0x124]
0000000100001aa4	subs	w9, w9, #0x1
0000000100001aa8	subs	w8, w8, w9
0000000100001aac	cset	w8, ge
0000000100001ab0	tbnz	w8, #0x0, 0x100001afc
0000000100001ab4	b	0x100001ab8
0000000100001ab8	adrp	x8, 7 ; 0x100008000
0000000100001abc	ldr	x8, [x8, #0x118]
0000000100001ac0	ldursw	x9, [x29, #-0x24]
0000000100001ac4	ldr	x8, [x8, x9, lsl #3]
0000000100001ac8	ldur	x9, [x29, #-0x20]
0000000100001acc	subs	x8, x8, x9
0000000100001ad0	cset	w8, ne
0000000100001ad4	tbnz	w8, #0x0, 0x100001ae8
0000000100001ad8	b	0x100001adc
0000000100001adc	ldur	w8, [x29, #-0x24]
0000000100001ae0	stur	w8, [x29, #-0x14]
0000000100001ae4	b	0x100001afc
0000000100001ae8	b	0x100001aec
0000000100001aec	ldur	w8, [x29, #-0x24]
0000000100001af0	add	w8, w8, #0x1
0000000100001af4	stur	w8, [x29, #-0x24]
0000000100001af8	b	0x100001a98
0000000100001afc	ldur	w8, [x29, #-0x14]
0000000100001b00	adds	w8, w8, #0x1
0000000100001b04	cset	w8, eq
0000000100001b08	tbnz	w8, #0x0, 0x100001b30
0000000100001b0c	b	0x100001b10
0000000100001b10	adrp	x8, 7 ; 0x100008000
0000000100001b14	ldr	x8, [x8, #0x110]
0000000100001b18	ldursw	x9, [x29, #-0x14]
0000000100001b1c	ldr	x0, [x8, x9, lsl #3]
0000000100001b20	ldur	x1, [x29, #-0x10]
0000000100001b24	bl	_initialize_list_with_offset
0000000100001b28	str	x0, [sp, #0x30]
0000000100001b2c	b	0x100001cfc
0000000100001b30	adrp	x8, 7 ; 0x100008000
0000000100001b34	ldr	x1, [x8, #0x130]
0000000100001b38	mov	x0, #0x0
0000000100001b3c	mov	w2, #0x3
0000000100001b40	mov	w3, #0x1002
0000000100001b44	mov	w4, #0x0
0000000100001b48	mov	x5, #0x0
0000000100001b4c	bl	0x100003c08 ; symbol stub for: _mmap
0000000100001b50	str	x0, [sp, #0x28]
0000000100001b54	ldr	x8, [sp, #0x28]
0000000100001b58	subs	x8, x8, #0x0
0000000100001b5c	cset	w8, ne
0000000100001b60	tbnz	w8, #0x0, 0x100001b78
0000000100001b64	b	0x100001b68
0000000100001b68	adrp	x0, 2 ; 0x100003000
0000000100001b6c	add	x0, x0, #0xd95 ; literal pool for: "MMAP FAILED\n"
0000000100001b70	bl	0x100003c20 ; symbol stub for: _printf
0000000100001b74	b	0x100001b78
0000000100001b78	ldr	x8, [sp, #0x28]
0000000100001b7c	ldur	x9, [x29, #-0x10]
0000000100001b80	add	x8, x8, x9
0000000100001b84	str	x8, [sp, #0x30]
0000000100001b88	ldr	x0, [sp, #0x28]
0000000100001b8c	adrp	x8, 7 ; 0x100008000
0000000100001b90	ldr	x1, [x8, #0x130]
0000000100001b94	ldur	x2, [x29, #-0x10]
0000000100001b98	bl	_initialize_list
0000000100001b9c	str	xzr, [sp, #0x20]
0000000100001ba0	str	wzr, [sp, #0x1c]
0000000100001ba4	b	0x100001ba8
0000000100001ba8	ldur	x2, [x29, #-0x8]
0000000100001bac	add	x0, sp, #0x30
0000000100001bb0	add	x1, sp, #0x20
0000000100001bb4	bl	_gt_eviction
0000000100001bb8	subs	w8, w0, #0x0
0000000100001bbc	cset	w8, eq
0000000100001bc0	tbnz	w8, #0x0, 0x100001c68
0000000100001bc4	b	0x100001bc8
0000000100001bc8	adrp	x0, 2 ; 0x100003000
0000000100001bcc	add	x0, x0, #0xda2 ; literal pool for: "finding eviction set failed!\n"
0000000100001bd0	bl	0x100003c20 ; symbol stub for: _printf
0000000100001bd4	ldr	w8, [sp, #0x1c]
0000000100001bd8	subs	w8, w8, #0x14
0000000100001bdc	cset	w8, le
0000000100001be0	tbnz	w8, #0x0, 0x100001bf8
0000000100001be4	b	0x100001be8
0000000100001be8	adrp	x0, 2 ; 0x100003000
0000000100001bec	add	x0, x0, #0xdc0 ; literal pool for: "max retries exceeded!\n"
0000000100001bf0	bl	0x100003c20 ; symbol stub for: _printf
0000000100001bf4	b	0x100001c68
0000000100001bf8	ldr	x0, [sp, #0x28]
0000000100001bfc	adrp	x8, 7 ; 0x100008000
0000000100001c00	str	x8, [sp, #0x8]
0000000100001c04	ldr	x1, [x8, #0x130]
0000000100001c08	bl	0x100003c14 ; symbol stub for: _munmap
0000000100001c0c	ldr	x8, [sp, #0x8]
0000000100001c10	ldr	x1, [x8, #0x130]
0000000100001c14	mov	x0, #0x0
0000000100001c18	mov	w2, #0x3
0000000100001c1c	mov	w3, #0x1002
0000000100001c20	mov	w4, #0x0
0000000100001c24	mov	x5, #0x0
0000000100001c28	bl	0x100003c08 ; symbol stub for: _mmap
0000000100001c2c	ldr	x8, [sp, #0x8]
0000000100001c30	str	x0, [sp, #0x28]
0000000100001c34	ldr	x9, [sp, #0x28]
0000000100001c38	ldur	x10, [x29, #-0x10]
0000000100001c3c	add	x9, x9, x10
0000000100001c40	str	x9, [sp, #0x30]
0000000100001c44	ldr	x0, [sp, #0x28]
0000000100001c48	ldr	x1, [x8, #0x130]
0000000100001c4c	ldur	x2, [x29, #-0x10]
0000000100001c50	bl	_initialize_list
0000000100001c54	str	xzr, [sp, #0x20]
0000000100001c58	ldr	w8, [sp, #0x1c]
0000000100001c5c	add	w8, w8, #0x1
0000000100001c60	str	w8, [sp, #0x1c]
0000000100001c64	b	0x100001ba8
0000000100001c68	ldr	w8, [sp, #0x1c]
0000000100001c6c	subs	w8, w8, #0x14
0000000100001c70	cset	w8, ge
0000000100001c74	tbnz	w8, #0x0, 0x100001c8c
0000000100001c78	b	0x100001c7c
0000000100001c7c	adrp	x0, 2 ; 0x100003000
0000000100001c80	add	x0, x0, #0xdd7 ; literal pool for: "Eviction set found!\n"
0000000100001c84	bl	0x100003c20 ; symbol stub for: _printf
0000000100001c88	b	0x100001c8c
0000000100001c8c	b	0x100001c90
0000000100001c90	ldr	x8, [sp, #0x20]
0000000100001c94	subs	x8, x8, #0x0
0000000100001c98	cset	w8, eq
0000000100001c9c	tbnz	w8, #0x0, 0x100001cf8
0000000100001ca0	b	0x100001ca4
0000000100001ca4	ldr	x8, [sp, #0x20]
0000000100001ca8	ldr	x8, [x8]
0000000100001cac	str	x8, [sp, #0x10]
0000000100001cb0	ldr	x9, [sp, #0x20]
0000000100001cb4	adrp	x8, 7 ; 0x100008000
0000000100001cb8	ldr	x10, [x8, #0x128]
0000000100001cbc	subs	x10, x10, #0x1
0000000100001cc0	bic	x0, x9, x10
0000000100001cc4	ldr	x1, [x8, #0x128]
0000000100001cc8	bl	0x100003c14 ; symbol stub for: _munmap
0000000100001ccc	subs	w8, w0, #0x0
0000000100001cd0	cset	w8, eq
0000000100001cd4	tbnz	w8, #0x0, 0x100001cec
0000000100001cd8	b	0x100001cdc
0000000100001cdc	adrp	x0, 2 ; 0x100003000
0000000100001ce0	add	x0, x0, #0xdec ; literal pool for: "munmap failed!\n"
0000000100001ce4	bl	0x100003c20 ; symbol stub for: _printf
0000000100001ce8	b	0x100001cec
0000000100001cec	ldr	x8, [sp, #0x10]
0000000100001cf0	str	x8, [sp, #0x20]
0000000100001cf4	b	0x100001c90
0000000100001cf8	b	0x100001cfc
0000000100001cfc	ldr	x8, [sp, #0x30]
0000000100001d00	adrp	x9, 7 ; 0x100008000
0000000100001d04	ldr	x9, [x9, #0x110]
0000000100001d08	adrp	x10, 7 ; 0x100008000
0000000100001d0c	ldr	w11, [x10, #0x124]
0000000100001d10	subs	w11, w11, #0x1
0000000100001d14	str	x8, [x9, w11, sxtw #3]
0000000100001d18	ldur	x8, [x29, #-0x20]
0000000100001d1c	adrp	x9, 7 ; 0x100008000
0000000100001d20	ldr	x9, [x9, #0x118]
0000000100001d24	ldr	w10, [x10, #0x124]
0000000100001d28	subs	w10, w10, #0x1
0000000100001d2c	str	x8, [x9, w10, sxtw #3]
0000000100001d30	ldp	x29, x30, [sp, #0x60]
0000000100001d34	add	sp, sp, #0x70
0000000100001d38	ret
_initialize_list_with_offset:
0000000100001d3c	sub	sp, sp, #0x30
0000000100001d40	str	x0, [sp, #0x28]
0000000100001d44	str	x1, [sp, #0x20]
0000000100001d48	ldr	x8, [sp, #0x28]
0000000100001d4c	adrp	x9, 7 ; 0x100008000
0000000100001d50	ldr	x9, [x9, #0x128]
0000000100001d54	subs	x9, x9, #0x1
0000000100001d58	and	x8, x8, x9
0000000100001d5c	ldr	x9, [sp, #0x20]
0000000100001d60	eor	x8, x8, x9
0000000100001d64	str	x8, [sp, #0x18]
0000000100001d68	str	xzr, [sp, #0x10]
0000000100001d6c	ldr	x8, [sp, #0x28]
0000000100001d70	ldr	x9, [sp, #0x18]
0000000100001d74	eor	x8, x8, x9
0000000100001d78	str	x8, [sp, #0x8]
0000000100001d7c	b	0x100001d80
0000000100001d80	ldr	x8, [sp, #0x28]
0000000100001d84	subs	x8, x8, #0x0
0000000100001d88	cset	w8, eq
0000000100001d8c	tbnz	w8, #0x0, 0x100001e08
0000000100001d90	b	0x100001d94
0000000100001d94	ldr	x8, [sp, #0x28]
0000000100001d98	ldr	x9, [sp, #0x18]
0000000100001d9c	eor	x8, x8, x9
0000000100001da0	str	x8, [sp]
0000000100001da4	ldr	x9, [sp]
0000000100001da8	mov	w8, #-0x2
0000000100001dac	str	w8, [x9, #0x10]
0000000100001db0	ldr	x8, [sp]
0000000100001db4	str	xzr, [x8, #0x18]
0000000100001db8	ldr	x8, [sp, #0x10]
0000000100001dbc	ldr	x9, [sp]
0000000100001dc0	str	x8, [x9, #0x8]
0000000100001dc4	ldr	x8, [sp]
0000000100001dc8	str	xzr, [x8]
0000000100001dcc	ldr	x8, [sp, #0x10]
0000000100001dd0	subs	x8, x8, #0x0
0000000100001dd4	cset	w8, eq
0000000100001dd8	tbnz	w8, #0x0, 0x100001df0
0000000100001ddc	b	0x100001de0
0000000100001de0	ldr	x8, [sp]
0000000100001de4	ldr	x9, [sp, #0x10]
0000000100001de8	str	x8, [x9]
0000000100001dec	b	0x100001df0
0000000100001df0	ldr	x8, [sp]
0000000100001df4	str	x8, [sp, #0x10]
0000000100001df8	ldr	x8, [sp, #0x28]
0000000100001dfc	ldr	x8, [x8]
0000000100001e00	str	x8, [sp, #0x28]
0000000100001e04	b	0x100001d80
0000000100001e08	ldr	x0, [sp, #0x8]
0000000100001e0c	add	sp, sp, #0x30
0000000100001e10	ret
_initialize_list:
0000000100001e14	sub	sp, sp, #0x30
0000000100001e18	str	x0, [sp, #0x28]
0000000100001e1c	str	x1, [sp, #0x20]
0000000100001e20	str	x2, [sp, #0x18]
0000000100001e24	str	xzr, [sp, #0x10]
0000000100001e28	str	xzr, [sp, #0x8]
0000000100001e2c	ldr	x8, [sp, #0x18]
0000000100001e30	str	x8, [sp, #0x10]
0000000100001e34	b	0x100001e38
0000000100001e38	ldr	x8, [sp, #0x10]
0000000100001e3c	ldr	x9, [sp, #0x20]
0000000100001e40	subs	x9, x9, #0x40
0000000100001e44	subs	x8, x8, x9
0000000100001e48	cset	w8, hs
0000000100001e4c	tbnz	w8, #0x0, 0x100001ed4
0000000100001e50	b	0x100001e54
0000000100001e54	ldr	x8, [sp, #0x28]
0000000100001e58	ldr	x9, [sp, #0x10]
0000000100001e5c	add	x8, x8, x9
0000000100001e60	str	x8, [sp]
0000000100001e64	ldr	x9, [sp]
0000000100001e68	mov	w8, #-0x2
0000000100001e6c	str	w8, [x9, #0x10]
0000000100001e70	ldr	x8, [sp]
0000000100001e74	str	xzr, [x8, #0x18]
0000000100001e78	ldr	x8, [sp, #0x8]
0000000100001e7c	ldr	x9, [sp]
0000000100001e80	str	x8, [x9, #0x8]
0000000100001e84	ldr	x8, [sp]
0000000100001e88	str	xzr, [x8]
0000000100001e8c	ldr	x8, [sp, #0x8]
0000000100001e90	subs	x8, x8, #0x0
0000000100001e94	cset	w8, eq
0000000100001e98	tbnz	w8, #0x0, 0x100001eb0
0000000100001e9c	b	0x100001ea0
0000000100001ea0	ldr	x8, [sp]
0000000100001ea4	ldr	x9, [sp, #0x8]
0000000100001ea8	str	x8, [x9]
0000000100001eac	b	0x100001eb0
0000000100001eb0	ldr	x8, [sp]
0000000100001eb4	str	x8, [sp, #0x8]
0000000100001eb8	b	0x100001ebc
0000000100001ebc	adrp	x8, 7 ; 0x100008000
0000000100001ec0	ldr	x9, [x8, #0x128]
0000000100001ec4	ldr	x8, [sp, #0x10]
0000000100001ec8	add	x8, x8, x9
0000000100001ecc	str	x8, [sp, #0x10]
0000000100001ed0	b	0x100001e38
0000000100001ed4	add	sp, sp, #0x30
0000000100001ed8	ret
_gt_eviction:
0000000100001edc	sub	sp, sp, #0xd0
0000000100001ee0	stp	x29, x30, [sp, #0xc0]
0000000100001ee4	add	x29, sp, #0xc0
0000000100001ee8	stur	x0, [x29, #-0x10]
0000000100001eec	stur	x1, [x29, #-0x18]
0000000100001ef0	stur	x2, [x29, #-0x20]
0000000100001ef4	adrp	x8, 7 ; 0x100008000
0000000100001ef8	ldr	w8, [x8, #0x120]
0000000100001efc	add	w9, w8, #0x1
0000000100001f00	mov	x8, x9
0000000100001f04	sxtw	x0, w8
0000000100001f08	mov	x1, #0x8
0000000100001f0c	bl	0x100003bb4 ; symbol stub for: _calloc
0000000100001f10	stur	x0, [x29, #-0x28]
0000000100001f14	ldur	x8, [x29, #-0x28]
0000000100001f18	subs	x8, x8, #0x0
0000000100001f1c	cset	w8, ne
0000000100001f20	tbnz	w8, #0x0, 0x100001f40
0000000100001f24	b	0x100001f28
0000000100001f28	adrp	x0, 2 ; 0x100003000
0000000100001f2c	add	x0, x0, #0xe50 ; literal pool for: "Could not allocate chunks!\n"
0000000100001f30	bl	0x100003c20 ; symbol stub for: _printf
0000000100001f34	mov	w8, #0x1
0000000100001f38	stur	w8, [x29, #-0x4]
0000000100001f3c	b	0x10000247c
0000000100001f40	adrp	x8, 7 ; 0x100008000
0000000100001f44	ldr	w8, [x8, #0x120]
0000000100001f48	add	w9, w8, #0x1
0000000100001f4c	mov	x8, x9
0000000100001f50	sxtw	x0, w8
0000000100001f54	mov	x1, #0x4
0000000100001f58	bl	0x100003bb4 ; symbol stub for: _calloc
0000000100001f5c	stur	x0, [x29, #-0x30]
0000000100001f60	ldur	x8, [x29, #-0x30]
0000000100001f64	subs	x8, x8, #0x0
0000000100001f68	cset	w8, ne
0000000100001f6c	tbnz	w8, #0x0, 0x100001f94
0000000100001f70	b	0x100001f74
0000000100001f74	adrp	x0, 2 ; 0x100003000
0000000100001f78	add	x0, x0, #0xe6c ; literal pool for: "Could not allocate ichunks!\n"
0000000100001f7c	bl	0x100003c20 ; symbol stub for: _printf
0000000100001f80	ldur	x0, [x29, #-0x28]
0000000100001f84	bl	0x100003bd8 ; symbol stub for: _free
0000000100001f88	mov	w8, #0x1
0000000100001f8c	stur	w8, [x29, #-0x4]
0000000100001f90	b	0x10000247c
0000000100001f94	ldur	x8, [x29, #-0x10]
0000000100001f98	ldr	x0, [x8]
0000000100001f9c	bl	_list_length
0000000100001fa0	stur	w0, [x29, #-0x38]
0000000100001fa4	stur	wzr, [x29, #-0x3c]
0000000100001fa8	adrp	x8, 7 ; 0x100008000
0000000100001fac	ldr	s1, [x8, #0x120]
0000000100001fb0	fmov	s0, s1
0000000100001fb4	sshll.2d	v0, v0, #0x0
0000000100001fb8	scvtf	d0, d0
0000000100001fbc	ldur	s2, [x29, #-0x38]
0000000100001fc0	fmov	s1, s2
0000000100001fc4	sshll.2d	v1, v1, #0x0
0000000100001fc8	scvtf	d1, d1
0000000100001fcc	fdiv	d0, d0, d1
0000000100001fd0	stur	d0, [x29, #-0x48]
0000000100001fd4	ldr	s1, [x8, #0x120]
0000000100001fd8	fmov	s0, s1
0000000100001fdc	sshll.2d	v0, v0, #0x0
0000000100001fe0	scvtf	d0, d0
0000000100001fe4	ldr	w8, [x8, #0x120]
0000000100001fe8	add	w8, w8, #0x1
0000000100001fec	scvtf	d1, w8
0000000100001ff0	fdiv	d0, d0, d1
0000000100001ff4	stur	d0, [x29, #-0x50]
0000000100001ff8	ldur	d0, [x29, #-0x48]
0000000100001ffc	bl	0x100003bf0 ; symbol stub for: _log
0000000100002000	str	d0, [sp, #0x48]
0000000100002004	ldur	d0, [x29, #-0x50]
0000000100002008	bl	0x100003bf0 ; symbol stub for: _log
000000010000200c	fmov	d1, d0
0000000100002010	ldr	d0, [sp, #0x48]
0000000100002014	fdiv	d0, d0, d1
0000000100002018	fcvtps	w8, d0
000000010000201c	stur	w8, [x29, #-0x54]
0000000100002020	stur	wzr, [x29, #-0x58]
0000000100002024	ldur	w8, [x29, #-0x54]
0000000100002028	lsl	w9, w8, #1
000000010000202c	mov	x8, x9
0000000100002030	sxtw	x0, w8
0000000100002034	mov	x1, #0x8
0000000100002038	bl	0x100003bb4 ; symbol stub for: _calloc
000000010000203c	str	x0, [sp, #0x60]
0000000100002040	ldr	x8, [sp, #0x60]
0000000100002044	subs	x8, x8, #0x0
0000000100002048	cset	w8, ne
000000010000204c	tbnz	w8, #0x0, 0x1000020c8
0000000100002050	b	0x100002054
0000000100002054	ldur	w9, [x29, #-0x54]
0000000100002058	mov	x8, x9
000000010000205c	str	x8, [sp, #0x30]
0000000100002060	ldur	d0, [x29, #-0x48]
0000000100002064	str	d0, [sp, #0x38]
0000000100002068	ldur	d0, [x29, #-0x50]
000000010000206c	str	d0, [sp, #0x40]
0000000100002070	ldur	x8, [x29, #-0x10]
0000000100002074	ldr	x0, [x8]
0000000100002078	bl	_list_length
000000010000207c	ldr	x8, [sp, #0x30]
0000000100002080	ldr	d1, [sp, #0x38]
0000000100002084	ldr	d0, [sp, #0x40]
0000000100002088	mov	x9, sp
000000010000208c	str	x8, [x9]
0000000100002090	str	d1, [x9, #0x8]
0000000100002094	str	d0, [x9, #0x10]
0000000100002098	mov	x8, x0
000000010000209c	str	x8, [x9, #0x18]
00000001000020a0	adrp	x0, 1 ; 0x100003000
00000001000020a4	add	x0, x0, #0xe89 ; literal pool for: "Could not allocate back (%d, %f, %f, %d)!\n"
00000001000020a8	bl	0x100003c20 ; symbol stub for: _printf
00000001000020ac	ldur	x0, [x29, #-0x28]
00000001000020b0	bl	0x100003bd8 ; symbol stub for: _free
00000001000020b4	ldur	x0, [x29, #-0x30]
00000001000020b8	bl	0x100003bd8 ; symbol stub for: _free
00000001000020bc	mov	w8, #0x1
00000001000020c0	stur	w8, [x29, #-0x4]
00000001000020c4	b	0x10000247c
00000001000020c8	str	wzr, [sp, #0x5c]
00000001000020cc	b	0x1000020d0
00000001000020d0	stur	wzr, [x29, #-0x34]
00000001000020d4	b	0x1000020d8
00000001000020d8	ldur	w8, [x29, #-0x34]
00000001000020dc	adrp	x9, 6 ; 0x100008000
00000001000020e0	ldr	w9, [x9, #0x120]
00000001000020e4	add	w9, w9, #0x1
00000001000020e8	subs	w8, w8, w9
00000001000020ec	cset	w8, ge
00000001000020f0	tbnz	w8, #0x0, 0x10000211c
00000001000020f4	b	0x1000020f8
00000001000020f8	ldur	w8, [x29, #-0x34]
00000001000020fc	ldur	x9, [x29, #-0x30]
0000000100002100	ldursw	x10, [x29, #-0x34]
0000000100002104	str	w8, [x9, x10, lsl #2]
0000000100002108	b	0x10000210c
000000010000210c	ldur	w8, [x29, #-0x34]
0000000100002110	add	w8, w8, #0x1
0000000100002114	stur	w8, [x29, #-0x34]
0000000100002118	b	0x1000020d8
000000010000211c	ldur	x0, [x29, #-0x30]
0000000100002120	adrp	x8, 6 ; 0x100008000
0000000100002124	ldr	w8, [x8, #0x120]
0000000100002128	add	w9, w8, #0x1
000000010000212c	mov	x8, x9
0000000100002130	sxtw	x1, w8
0000000100002134	bl	_shuffle
0000000100002138	b	0x10000213c
000000010000213c	ldur	w8, [x29, #-0x38]
0000000100002140	adrp	x9, 6 ; 0x100008000
0000000100002144	ldr	w9, [x9, #0x120]
0000000100002148	subs	w8, w8, w9
000000010000214c	cset	w8, le
0000000100002150	tbnz	w8, #0x0, 0x100002360
0000000100002154	b	0x100002158
0000000100002158	ldur	x8, [x29, #-0x10]
000000010000215c	ldr	x0, [x8]
0000000100002160	ldur	x1, [x29, #-0x28]
0000000100002164	adrp	x8, 6 ; 0x100008000
0000000100002168	ldr	w8, [x8, #0x120]
000000010000216c	add	w2, w8, #0x1
0000000100002170	bl	_list_split
0000000100002174	str	wzr, [sp, #0x58]
0000000100002178	str	wzr, [sp, #0x54]
000000010000217c	b	0x100002180
0000000100002180	ldur	x0, [x29, #-0x10]
0000000100002184	ldur	x1, [x29, #-0x28]
0000000100002188	ldur	x8, [x29, #-0x30]
000000010000218c	ldrsw	x9, [sp, #0x58]
0000000100002190	ldr	w2, [x8, x9, lsl #2]
0000000100002194	adrp	x8, 6 ; 0x100008000
0000000100002198	ldr	w8, [x8, #0x120]
000000010000219c	add	w3, w8, #0x1
00000001000021a0	bl	_list_from_chunks
00000001000021a4	ldr	w8, [sp, #0x58]
00000001000021a8	add	w8, w8, #0x1
00000001000021ac	str	w8, [sp, #0x58]
00000001000021b0	ldur	x8, [x29, #-0x10]
00000001000021b4	ldr	x0, [x8]
00000001000021b8	ldur	x1, [x29, #-0x20]
00000001000021bc	mov	w2, #0x32
00000001000021c0	bl	_tests_avg
00000001000021c4	str	w0, [sp, #0x54]
00000001000021c8	b	0x1000021cc
00000001000021cc	ldr	w8, [sp, #0x54]
00000001000021d0	subs	w8, w8, #0x0
00000001000021d4	cset	w8, ne
00000001000021d8	mov	w9, #0x0
00000001000021dc	str	w9, [sp, #0x2c]
00000001000021e0	tbnz	w8, #0x0, 0x100002208
00000001000021e4	b	0x1000021e8
00000001000021e8	ldr	w8, [sp, #0x58]
00000001000021ec	adrp	x9, 6 ; 0x100008000
00000001000021f0	ldr	w9, [x9, #0x120]
00000001000021f4	add	w9, w9, #0x1
00000001000021f8	subs	w8, w8, w9
00000001000021fc	cset	w8, lt
0000000100002200	str	w8, [sp, #0x2c]
0000000100002204	b	0x100002208
0000000100002208	ldr	w8, [sp, #0x2c]
000000010000220c	tbnz	w8, #0x0, 0x100002180
0000000100002210	b	0x100002214
0000000100002214	ldr	w8, [sp, #0x54]
0000000100002218	subs	w8, w8, #0x0
000000010000221c	cset	w8, eq
0000000100002220	tbnz	w8, #0x0, 0x1000022a4
0000000100002224	b	0x100002228
0000000100002228	ldr	w8, [sp, #0x58]
000000010000222c	adrp	x9, 6 ; 0x100008000
0000000100002230	ldr	w9, [x9, #0x120]
0000000100002234	subs	w8, w8, w9
0000000100002238	cset	w8, gt
000000010000223c	tbnz	w8, #0x0, 0x1000022a4
0000000100002240	b	0x100002244
0000000100002244	ldur	x8, [x29, #-0x28]
0000000100002248	ldur	x9, [x29, #-0x30]
000000010000224c	ldr	w10, [sp, #0x58]
0000000100002250	subs	w10, w10, #0x1
0000000100002254	ldrsw	x9, [x9, w10, sxtw #2]
0000000100002258	ldr	x8, [x8, x9, lsl #3]
000000010000225c	ldr	x9, [sp, #0x60]
0000000100002260	ldursw	x10, [x29, #-0x58]
0000000100002264	str	x8, [x9, x10, lsl #3]
0000000100002268	ldr	x8, [sp, #0x60]
000000010000226c	ldursw	x9, [x29, #-0x58]
0000000100002270	ldr	x0, [x8, x9, lsl #3]
0000000100002274	bl	_list_length
0000000100002278	ldur	w8, [x29, #-0x3c]
000000010000227c	add	w8, w8, w0
0000000100002280	stur	w8, [x29, #-0x3c]
0000000100002284	ldur	x8, [x29, #-0x10]
0000000100002288	ldr	x0, [x8]
000000010000228c	bl	_list_length
0000000100002290	stur	w0, [x29, #-0x38]
0000000100002294	ldur	w8, [x29, #-0x58]
0000000100002298	add	w8, w8, #0x1
000000010000229c	stur	w8, [x29, #-0x58]
00000001000022a0	b	0x10000235c
00000001000022a4	ldur	w8, [x29, #-0x58]
00000001000022a8	subs	w8, w8, #0x0
00000001000022ac	cset	w8, le
00000001000022b0	tbnz	w8, #0x0, 0x100002338
00000001000022b4	b	0x1000022b8
00000001000022b8	ldur	x0, [x29, #-0x10]
00000001000022bc	ldur	x8, [x29, #-0x28]
00000001000022c0	ldur	x9, [x29, #-0x30]
00000001000022c4	ldr	w10, [sp, #0x58]
00000001000022c8	subs	w10, w10, #0x1
00000001000022cc	ldrsw	x9, [x9, w10, sxtw #2]
00000001000022d0	ldr	x1, [x8, x9, lsl #3]
00000001000022d4	bl	_list_concat
00000001000022d8	ldur	w8, [x29, #-0x58]
00000001000022dc	subs	w8, w8, #0x1
00000001000022e0	stur	w8, [x29, #-0x58]
00000001000022e4	ldr	x8, [sp, #0x60]
00000001000022e8	ldursw	x9, [x29, #-0x58]
00000001000022ec	ldr	x0, [x8, x9, lsl #3]
00000001000022f0	bl	_list_length
00000001000022f4	ldur	w8, [x29, #-0x3c]
00000001000022f8	subs	w8, w8, w0
00000001000022fc	stur	w8, [x29, #-0x3c]
0000000100002300	ldur	x0, [x29, #-0x10]
0000000100002304	ldr	x8, [sp, #0x60]
0000000100002308	ldursw	x9, [x29, #-0x58]
000000010000230c	ldr	x1, [x8, x9, lsl #3]
0000000100002310	bl	_list_concat
0000000100002314	ldr	x9, [sp, #0x60]
0000000100002318	ldursw	x10, [x29, #-0x58]
000000010000231c	mov	x8, #0x0
0000000100002320	str	x8, [x9, x10, lsl #3]
0000000100002324	ldur	x8, [x29, #-0x10]
0000000100002328	ldr	x0, [x8]
000000010000232c	bl	_list_length
0000000100002330	stur	w0, [x29, #-0x38]
0000000100002334	b	0x100002364
0000000100002338	ldur	x0, [x29, #-0x10]
000000010000233c	ldur	x8, [x29, #-0x28]
0000000100002340	ldur	x9, [x29, #-0x30]
0000000100002344	ldr	w10, [sp, #0x58]
0000000100002348	subs	w10, w10, #0x1
000000010000234c	ldrsw	x9, [x9, w10, sxtw #2]
0000000100002350	ldr	x1, [x8, x9, lsl #3]
0000000100002354	bl	_list_concat
0000000100002358	b	0x100002360
000000010000235c	b	0x10000213c
0000000100002360	b	0x1000023ac
0000000100002364	b	0x100002368
0000000100002368	ldur	w8, [x29, #-0x58]
000000010000236c	subs	w8, w8, #0x0
0000000100002370	cset	w8, le
0000000100002374	mov	w9, #0x0
0000000100002378	str	w9, [sp, #0x28]
000000010000237c	tbnz	w8, #0x0, 0x1000023a0
0000000100002380	b	0x100002384
0000000100002384	ldr	w8, [sp, #0x5c]
0000000100002388	add	w9, w8, #0x1
000000010000238c	str	w9, [sp, #0x5c]
0000000100002390	subs	w8, w8, #0x32
0000000100002394	cset	w8, lt
0000000100002398	str	w8, [sp, #0x28]
000000010000239c	b	0x1000023a0
00000001000023a0	ldr	w8, [sp, #0x28]
00000001000023a4	tbnz	w8, #0x0, 0x1000020d0
00000001000023a8	b	0x1000023ac
00000001000023ac	stur	wzr, [x29, #-0x34]
00000001000023b0	b	0x1000023b4
00000001000023b4	ldur	w8, [x29, #-0x34]
00000001000023b8	ldur	w9, [x29, #-0x54]
00000001000023bc	subs	w8, w8, w9, lsl #1
00000001000023c0	cset	w8, ge
00000001000023c4	tbnz	w8, #0x0, 0x1000023f4
00000001000023c8	b	0x1000023cc
00000001000023cc	ldur	x0, [x29, #-0x18]
00000001000023d0	ldr	x8, [sp, #0x60]
00000001000023d4	ldursw	x9, [x29, #-0x34]
00000001000023d8	ldr	x1, [x8, x9, lsl #3]
00000001000023dc	bl	_list_concat
00000001000023e0	b	0x1000023e4
00000001000023e4	ldur	w8, [x29, #-0x34]
00000001000023e8	add	w8, w8, #0x1
00000001000023ec	stur	w8, [x29, #-0x34]
00000001000023f0	b	0x1000023b4
00000001000023f4	ldur	x0, [x29, #-0x28]
00000001000023f8	bl	0x100003bd8 ; symbol stub for: _free
00000001000023fc	ldur	x0, [x29, #-0x30]
0000000100002400	bl	0x100003bd8 ; symbol stub for: _free
0000000100002404	ldr	x0, [sp, #0x60]
0000000100002408	bl	0x100003bd8 ; symbol stub for: _free
000000010000240c	str	wzr, [sp, #0x50]
0000000100002410	ldur	x8, [x29, #-0x10]
0000000100002414	ldr	x0, [x8]
0000000100002418	ldur	x1, [x29, #-0x20]
000000010000241c	mov	w2, #0x32
0000000100002420	bl	_tests_avg
0000000100002424	str	w0, [sp, #0x50]
0000000100002428	ldr	w8, [sp, #0x50]
000000010000242c	subs	w8, w8, #0x0
0000000100002430	cset	w8, eq
0000000100002434	tbnz	w8, #0x0, 0x100002468
0000000100002438	b	0x10000243c
000000010000243c	ldur	w8, [x29, #-0x38]
0000000100002440	adrp	x9, 6 ; 0x100008000
0000000100002444	ldr	w9, [x9, #0x120]
0000000100002448	subs	w8, w8, w9
000000010000244c	cset	w8, le
0000000100002450	tbnz	w8, #0x0, 0x100002464
0000000100002454	b	0x100002458
0000000100002458	mov	w8, #0x1
000000010000245c	stur	w8, [x29, #-0x4]
0000000100002460	b	0x10000247c
0000000100002464	b	0x100002474
0000000100002468	mov	w8, #0x1
000000010000246c	stur	w8, [x29, #-0x4]
0000000100002470	b	0x10000247c
0000000100002474	stur	wzr, [x29, #-0x4]
0000000100002478	b	0x10000247c
000000010000247c	ldur	w0, [x29, #-0x4]
0000000100002480	ldp	x29, x30, [sp, #0xc0]
0000000100002484	add	sp, sp, #0xd0
0000000100002488	ret
_cache_remove:
000000010000248c	sub	sp, sp, #0x20
0000000100002490	stp	x29, x30, [sp, #0x10]
0000000100002494	add	x29, sp, #0x10
0000000100002498	str	x0, [sp, #0x8]
000000010000249c	ldr	x8, [sp, #0x8]
00000001000024a0	str	w8, [sp, #0x4]
00000001000024a4	adrp	x8, 6 ; 0x100008000
00000001000024a8	ldr	x8, [x8, #0x138]
00000001000024ac	adrp	x9, 6 ; 0x100008000
00000001000024b0	ldr	x9, [x9, #0x110]
00000001000024b4	ldr	w10, [sp, #0x4]
00000001000024b8	ldr	x0, [x9, x10, lsl #3]
00000001000024bc	blr	x8
00000001000024c0	ldp	x29, x30, [sp, #0x10]
00000001000024c4	add	sp, sp, #0x20
00000001000024c8	ret
_probe_cache_miss:
00000001000024cc	sub	sp, sp, #0x50
00000001000024d0	stp	x29, x30, [sp, #0x40]
00000001000024d4	add	x29, sp, #0x40
00000001000024d8	str	xzr, [sp, #0x20]
00000001000024dc	b	0x1000024e0
00000001000024e0	mov	x0, #0x190000
00000001000024e4	bl	0x100003bfc ; symbol stub for: _malloc
00000001000024e8	str	x0, [sp, #0x18]
00000001000024ec	bl	0x100003c5c ; symbol stub for: _rand
00000001000024f0	mov	w9, #0x63
00000001000024f4	sdiv	w8, w0, w9
00000001000024f8	mul	w8, w8, w9
00000001000024fc	subs	w8, w0, w8
0000000100002500	str	w8, [sp, #0x14]
0000000100002504	ldr	x8, [sp, #0x18]
0000000100002508	ldr	w9, [sp, #0x14]
000000010000250c	lsl	w9, w9, #14
0000000100002510	add	x8, x8, w9, sxtw
0000000100002514	str	x8, [sp]
0000000100002518	bl	0x100003c5c ; symbol stub for: _rand
000000010000251c	ldr	x8, [sp]
0000000100002520	mov	w10, #0x2000
0000000100002524	sdiv	w9, w0, w10
0000000100002528	mul	w9, w9, w10
000000010000252c	subs	w9, w0, w9
0000000100002530	add	x8, x8, w9, sxtw
0000000100002534	ldr	x10, [x8]
0000000100002538	ldr	x8, [sp, #0x18]
000000010000253c	ldr	w9, [sp, #0x14]
0000000100002540	lsl	w9, w9, #14
0000000100002544	add	x8, x8, w9, sxtw
0000000100002548	add	x8, x8, #0x2, lsl #12
000000010000254c	str	x8, [sp, #0x8]
0000000100002550	bl	0x100003c5c ; symbol stub for: _rand
0000000100002554	ldr	x8, [sp, #0x8]
0000000100002558	mov	w10, #0x4000
000000010000255c	sdiv	w9, w0, w10
0000000100002560	mul	w9, w9, w10
0000000100002564	subs	w9, w0, w9
0000000100002568	mov	w10, #0x2
000000010000256c	sdiv	w9, w9, w10
0000000100002570	add	x8, x8, w9, sxtw
0000000100002574	stur	x8, [x29, #-0x8]
0000000100002578	dmb	sy
000000010000257c	isb
0000000100002580	adrp	x8, 6 ; 0x100008000
0000000100002584	add	x8, x8, #0x150
0000000100002588	ldr	x9, [x8]
000000010000258c	stur	x9, [x29, #-0x10]
0000000100002590	dmb	sy
0000000100002594	isb
0000000100002598	ldur	x9, [x29, #-0x8]
000000010000259c	ldr	x10, [x9]
00000001000025a0	dmb	sy
00000001000025a4	isb
00000001000025a8	ldr	x8, [x8]
00000001000025ac	stur	x8, [x29, #-0x18]
00000001000025b0	dmb	sy
00000001000025b4	isb
00000001000025b8	ldur	x8, [x29, #-0x18]
00000001000025bc	ldur	x9, [x29, #-0x10]
00000001000025c0	subs	x8, x8, x9
00000001000025c4	str	x8, [sp, #0x20]
00000001000025c8	ldr	x0, [sp, #0x18]
00000001000025cc	bl	0x100003bd8 ; symbol stub for: _free
00000001000025d0	b	0x1000025d4
00000001000025d4	ldr	x8, [sp, #0x20]
00000001000025d8	subs	x8, x8, #0x0
00000001000025dc	cset	w8, eq
00000001000025e0	tbnz	w8, #0x0, 0x1000024e0
00000001000025e4	b	0x1000025e8
00000001000025e8	ldr	x0, [sp, #0x20]
00000001000025ec	ldp	x29, x30, [sp, #0x40]
00000001000025f0	add	sp, sp, #0x50
00000001000025f4	ret
_probe_cache_hit:
00000001000025f8	sub	sp, sp, #0x40
00000001000025fc	stp	x29, x30, [sp, #0x30]
0000000100002600	add	x29, sp, #0x30
0000000100002604	str	xzr, [sp, #0x10]
0000000100002608	b	0x10000260c
000000010000260c	mov	x0, #0x4000
0000000100002610	bl	0x100003bfc ; symbol stub for: _malloc
0000000100002614	str	x0, [sp, #0x8]
0000000100002618	ldr	x8, [sp, #0x8]
000000010000261c	add	x8, x8, #0x400
0000000100002620	ldr	x10, [x8]
0000000100002624	ldr	x8, [sp, #0x8]
0000000100002628	add	x8, x8, #0x400
000000010000262c	stur	x8, [x29, #-0x8]
0000000100002630	dmb	sy
0000000100002634	isb
0000000100002638	adrp	x8, 6 ; 0x100008000
000000010000263c	add	x8, x8, #0x150
0000000100002640	ldr	x9, [x8]
0000000100002644	stur	x9, [x29, #-0x10]
0000000100002648	dmb	sy
000000010000264c	isb
0000000100002650	ldur	x9, [x29, #-0x8]
0000000100002654	ldr	x10, [x9]
0000000100002658	dmb	sy
000000010000265c	isb
0000000100002660	ldr	x8, [x8]
0000000100002664	str	x8, [sp, #0x18]
0000000100002668	dmb	sy
000000010000266c	isb
0000000100002670	ldr	x8, [sp, #0x18]
0000000100002674	ldur	x9, [x29, #-0x10]
0000000100002678	subs	x8, x8, x9
000000010000267c	str	x8, [sp, #0x10]
0000000100002680	ldr	x0, [sp, #0x8]
0000000100002684	bl	0x100003bd8 ; symbol stub for: _free
0000000100002688	b	0x10000268c
000000010000268c	ldr	x8, [sp, #0x10]
0000000100002690	subs	x8, x8, #0x0
0000000100002694	cset	w8, eq
0000000100002698	tbnz	w8, #0x0, 0x10000260c
000000010000269c	b	0x1000026a0
00000001000026a0	ldr	x0, [sp, #0x10]
00000001000026a4	ldp	x29, x30, [sp, #0x30]
00000001000026a8	add	sp, sp, #0x40
00000001000026ac	ret
_find_threshold:
00000001000026b0	sub	sp, sp, #0x50
00000001000026b4	stp	x29, x30, [sp, #0x40]
00000001000026b8	add	x29, sp, #0x40
00000001000026bc	stur	xzr, [x29, #-0x8]
00000001000026c0	stur	xzr, [x29, #-0x10]
00000001000026c4	stur	wzr, [x29, #-0x14]
00000001000026c8	b	0x1000026cc
00000001000026cc	ldur	w8, [x29, #-0x14]
00000001000026d0	subs	w8, w8, #0x3e8
00000001000026d4	cset	w8, ge
00000001000026d8	tbnz	w8, #0x0, 0x100002704
00000001000026dc	b	0x1000026e0
00000001000026e0	bl	_probe_cache_miss
00000001000026e4	ldur	x8, [x29, #-0x8]
00000001000026e8	add	x8, x8, x0
00000001000026ec	stur	x8, [x29, #-0x8]
00000001000026f0	b	0x1000026f4
00000001000026f4	ldur	w8, [x29, #-0x14]
00000001000026f8	add	w8, w8, #0x1
00000001000026fc	stur	w8, [x29, #-0x14]
0000000100002700	b	0x1000026cc
0000000100002704	stur	wzr, [x29, #-0x18]
0000000100002708	b	0x10000270c
000000010000270c	ldur	w8, [x29, #-0x18]
0000000100002710	subs	w8, w8, #0x3e8
0000000100002714	cset	w8, ge
0000000100002718	tbnz	w8, #0x0, 0x100002744
000000010000271c	b	0x100002720
0000000100002720	bl	_probe_cache_hit
0000000100002724	ldur	x8, [x29, #-0x10]
0000000100002728	add	x8, x8, x0
000000010000272c	stur	x8, [x29, #-0x10]
0000000100002730	b	0x100002734
0000000100002734	ldur	w8, [x29, #-0x18]
0000000100002738	add	w8, w8, #0x1
000000010000273c	stur	w8, [x29, #-0x18]
0000000100002740	b	0x10000270c
0000000100002744	ldur	x8, [x29, #-0x8]
0000000100002748	mov	x9, #0x3e8
000000010000274c	udiv	x11, x8, x9
0000000100002750	ldur	x8, [x29, #-0x10]
0000000100002754	udiv	x10, x8, x9
0000000100002758	ldur	x9, [x29, #-0x8]
000000010000275c	mov	x8, #0x3
0000000100002760	str	x8, [sp, #0x18]
0000000100002764	mul	x8, x8, x9
0000000100002768	ldur	x9, [x29, #-0x10]
000000010000276c	add	x8, x8, x9
0000000100002770	mov	x9, #0xfa0
0000000100002774	str	x9, [sp, #0x20]
0000000100002778	udiv	x8, x8, x9
000000010000277c	mov	x9, sp
0000000100002780	str	x11, [x9]
0000000100002784	str	x10, [x9, #0x8]
0000000100002788	str	x8, [x9, #0x10]
000000010000278c	adrp	x0, 1 ; 0x100003000
0000000100002790	add	x0, x0, #0xdfc ; literal pool for: "miss: %llu, hit: %llu, threshold: %llu\n"
0000000100002794	bl	0x100003c20 ; symbol stub for: _printf
0000000100002798	ldr	x8, [sp, #0x18]
000000010000279c	ldr	x9, [sp, #0x20]
00000001000027a0	ldur	x10, [x29, #-0x8]
00000001000027a4	mul	x8, x8, x10
00000001000027a8	ldur	x10, [x29, #-0x10]
00000001000027ac	add	x8, x8, x10
00000001000027b0	udiv	x0, x8, x9
00000001000027b4	ldp	x29, x30, [sp, #0x40]
00000001000027b8	add	sp, sp, #0x50
00000001000027bc	ret
_cache_remove_prepare:
00000001000027c0	sub	sp, sp, #0x80
00000001000027c4	stp	x29, x30, [sp, #0x70]
00000001000027c8	add	x29, sp, #0x70
00000001000027cc	stur	x0, [x29, #-0x28]
00000001000027d0	adrp	x8, 6 ; 0x100008000
00000001000027d4	ldr	x8, [x8, #0x100]
00000001000027d8	subs	x8, x8, #0x40
00000001000027dc	cset	w8, hs
00000001000027e0	tbnz	w8, #0x0, 0x1000027f8
00000001000027e4	b	0x1000027e8
00000001000027e8	adrp	x0, 1 ; 0x100003000
00000001000027ec	add	x0, x0, #0xe24 ; literal pool for: "ERROR: Entries are bigger than cache line!\n"
00000001000027f0	bl	0x100003c20 ; symbol stub for: _printf
00000001000027f4	b	0x1000027f8
00000001000027f8	adrp	x8, 6 ; 0x100008000
00000001000027fc	ldr	x8, [x8, #0x110]
0000000100002800	subs	x8, x8, #0x0
0000000100002804	cset	w8, ne
0000000100002808	tbnz	w8, #0x0, 0x100002830
000000010000280c	b	0x100002810
0000000100002810	adrp	x0, 0 ; 0x100002000
0000000100002814	add	x0, x0, #0xa14
0000000100002818	mov	w1, #0x20
000000010000281c	mov	w2, #0x4000
0000000100002820	mov	w3, #0x1400000
0000000100002824	mov	w4, #0xdc
0000000100002828	bl	_evset_init
000000010000282c	b	0x100002830
0000000100002830	bl	_timer_start
0000000100002834	str	xzr, [sp, #0x38]
0000000100002838	b	0x10000283c
000000010000283c	ldr	x8, [sp, #0x38]
0000000100002840	adrp	x9, 6 ; 0x100008000
0000000100002844	ldrsw	x9, [x9, #0x124]
0000000100002848	subs	x8, x8, x9
000000010000284c	cset	w8, hs
0000000100002850	tbnz	w8, #0x0, 0x10000293c
0000000100002854	b	0x100002858
0000000100002858	ldur	x8, [x29, #-0x28]
000000010000285c	ldr	x10, [x8]
0000000100002860	ldur	x8, [x29, #-0x28]
0000000100002864	ldr	x10, [x8]
0000000100002868	dmb	sy
000000010000286c	isb
0000000100002870	adrp	x8, 6 ; 0x100008000
0000000100002874	str	x8, [sp, #0x20]
0000000100002878	ldr	x8, [x8, #0x138]
000000010000287c	adrp	x9, 6 ; 0x100008000
0000000100002880	str	x9, [sp, #0x28]
0000000100002884	ldr	x9, [x9, #0x110]
0000000100002888	ldr	x10, [sp, #0x38]
000000010000288c	ldr	x0, [x9, x10, lsl #3]
0000000100002890	blr	x8
0000000100002894	ldr	x8, [sp, #0x20]
0000000100002898	ldr	x9, [sp, #0x28]
000000010000289c	ldr	x8, [x8, #0x138]
00000001000028a0	ldr	x9, [x9, #0x110]
00000001000028a4	ldr	x10, [sp, #0x38]
00000001000028a8	ldr	x0, [x9, x10, lsl #3]
00000001000028ac	blr	x8
00000001000028b0	ldur	x8, [x29, #-0x28]
00000001000028b4	stur	x8, [x29, #-0x8]
00000001000028b8	dmb	sy
00000001000028bc	isb
00000001000028c0	adrp	x8, 6 ; 0x100008000
00000001000028c4	add	x8, x8, #0x150
00000001000028c8	ldr	x9, [x8]
00000001000028cc	stur	x9, [x29, #-0x10]
00000001000028d0	dmb	sy
00000001000028d4	isb
00000001000028d8	ldur	x9, [x29, #-0x8]
00000001000028dc	ldr	x10, [x9]
00000001000028e0	dmb	sy
00000001000028e4	isb
00000001000028e8	ldr	x8, [x8]
00000001000028ec	stur	x8, [x29, #-0x18]
00000001000028f0	dmb	sy
00000001000028f4	isb
00000001000028f8	ldur	x8, [x29, #-0x18]
00000001000028fc	ldur	x9, [x29, #-0x10]
0000000100002900	subs	x8, x8, x9
0000000100002904	adrp	x9, 6 ; 0x100008000
0000000100002908	ldr	x9, [x9, #0x108]
000000010000290c	subs	x8, x8, x9
0000000100002910	cset	w8, ls
0000000100002914	tbnz	w8, #0x0, 0x100002928
0000000100002918	b	0x10000291c
000000010000291c	ldr	x8, [sp, #0x38]
0000000100002920	stur	x8, [x29, #-0x20]
0000000100002924	b	0x100002a04
0000000100002928	b	0x10000292c
000000010000292c	ldr	x8, [sp, #0x38]
0000000100002930	add	x8, x8, #0x1
0000000100002934	str	x8, [sp, #0x38]
0000000100002938	b	0x10000283c
000000010000293c	adrp	x8, 6 ; 0x100008000
0000000100002940	ldrsw	x9, [x8, #0x124]
0000000100002944	mov	x10, x9
0000000100002948	add	w10, w10, #0x1
000000010000294c	str	w10, [x8, #0x124]
0000000100002950	str	x9, [sp, #0x30]
0000000100002954	ldr	w8, [x8, #0x124]
0000000100002958	mov	w10, #0x8
000000010000295c	sdiv	w9, w8, w10
0000000100002960	mul	w9, w9, w10
0000000100002964	subs	w8, w8, w9
0000000100002968	subs	w8, w8, #0x1
000000010000296c	cset	w8, ne
0000000100002970	tbnz	w8, #0x0, 0x1000029ec
0000000100002974	b	0x100002978
0000000100002978	adrp	x8, 6 ; 0x100008000
000000010000297c	str	x8, [sp]
0000000100002980	ldr	x0, [x8, #0x110]
0000000100002984	adrp	x8, 6 ; 0x100008000
0000000100002988	str	x8, [sp, #0x8]
000000010000298c	ldr	w8, [x8, #0x124]
0000000100002990	add	w9, w8, #0x8
0000000100002994	mov	x8, x9
0000000100002998	sxtw	x9, w8
000000010000299c	mov	x8, #0x8
00000001000029a0	str	x8, [sp, #0x10]
00000001000029a4	mul	x1, x8, x9
00000001000029a8	bl	0x100003c68 ; symbol stub for: _realloc
00000001000029ac	ldr	x10, [sp]
00000001000029b0	ldr	x9, [sp, #0x8]
00000001000029b4	ldr	x8, [sp, #0x10]
00000001000029b8	str	x0, [x10, #0x110]
00000001000029bc	adrp	x10, 6 ; 0x100008000
00000001000029c0	str	x10, [sp, #0x18]
00000001000029c4	ldr	x0, [x10, #0x118]
00000001000029c8	ldr	w9, [x9, #0x124]
00000001000029cc	add	w10, w9, #0x8
00000001000029d0	mov	x9, x10
00000001000029d4	sxtw	x9, w9
00000001000029d8	mul	x1, x8, x9
00000001000029dc	bl	0x100003c68 ; symbol stub for: _realloc
00000001000029e0	ldr	x8, [sp, #0x18]
00000001000029e4	str	x0, [x8, #0x118]
00000001000029e8	b	0x1000029ec
00000001000029ec	ldur	x0, [x29, #-0x28]
00000001000029f0	bl	_evset_find
00000001000029f4	bl	_timer_stop
00000001000029f8	ldr	x8, [sp, #0x30]
00000001000029fc	stur	x8, [x29, #-0x20]
0000000100002a00	b	0x100002a04
0000000100002a04	ldur	x0, [x29, #-0x20]
0000000100002a08	ldp	x29, x30, [sp, #0x70]
0000000100002a0c	add	sp, sp, #0x80
0000000100002a10	ret
_traverse_list_skylake:
0000000100002a14	sub	sp, sp, #0x20
0000000100002a18	str	x0, [sp, #0x18]
0000000100002a1c	ldr	x8, [sp, #0x18]
0000000100002a20	str	x8, [sp, #0x10]
0000000100002a24	b	0x100002a28
0000000100002a28	ldr	x8, [sp, #0x10]
0000000100002a2c	subs	x8, x8, #0x0
0000000100002a30	cset	w8, eq
0000000100002a34	mov	w9, #0x0
0000000100002a38	str	w9, [sp, #0xc]
0000000100002a3c	tbnz	w8, #0x0, 0x100002a80
0000000100002a40	b	0x100002a44
0000000100002a44	ldr	x8, [sp, #0x10]
0000000100002a48	ldr	x8, [x8]
0000000100002a4c	subs	x8, x8, #0x0
0000000100002a50	cset	w8, eq
0000000100002a54	mov	w9, #0x0
0000000100002a58	str	w9, [sp, #0xc]
0000000100002a5c	tbnz	w8, #0x0, 0x100002a80
0000000100002a60	b	0x100002a64
0000000100002a64	ldr	x8, [sp, #0x10]
0000000100002a68	ldr	x8, [x8]
0000000100002a6c	ldr	x8, [x8]
0000000100002a70	subs	x8, x8, #0x0
0000000100002a74	cset	w8, ne
0000000100002a78	str	w8, [sp, #0xc]
0000000100002a7c	b	0x100002a80
0000000100002a80	ldr	w8, [sp, #0xc]
0000000100002a84	tbz	w8, #0x0, 0x100002ae4
0000000100002a88	b	0x100002a8c
0000000100002a8c	ldr	x8, [sp, #0x10]
0000000100002a90	ldr	x10, [x8]
0000000100002a94	ldr	x8, [sp, #0x10]
0000000100002a98	ldr	x8, [x8]
0000000100002a9c	ldr	x10, [x8]
0000000100002aa0	ldr	x8, [sp, #0x10]
0000000100002aa4	ldr	x8, [x8]
0000000100002aa8	ldr	x8, [x8]
0000000100002aac	ldr	x10, [x8]
0000000100002ab0	ldr	x8, [sp, #0x10]
0000000100002ab4	ldr	x10, [x8]
0000000100002ab8	ldr	x8, [sp, #0x10]
0000000100002abc	ldr	x8, [x8]
0000000100002ac0	ldr	x10, [x8]
0000000100002ac4	ldr	x8, [sp, #0x10]
0000000100002ac8	ldr	x8, [x8]
0000000100002acc	ldr	x8, [x8]
0000000100002ad0	ldr	x10, [x8]
0000000100002ad4	ldr	x8, [sp, #0x10]
0000000100002ad8	ldr	x8, [x8]
0000000100002adc	str	x8, [sp, #0x10]
0000000100002ae0	b	0x100002a28
0000000100002ae4	add	sp, sp, #0x20
0000000100002ae8	ret
_list_length:
0000000100002aec	sub	sp, sp, #0x10
0000000100002af0	str	x0, [sp, #0x8]
0000000100002af4	str	wzr, [sp, #0x4]
0000000100002af8	b	0x100002afc
0000000100002afc	ldr	x8, [sp, #0x8]
0000000100002b00	subs	x8, x8, #0x0
0000000100002b04	cset	w8, eq
0000000100002b08	tbnz	w8, #0x0, 0x100002b2c
0000000100002b0c	b	0x100002b10
0000000100002b10	ldr	w8, [sp, #0x4]
0000000100002b14	add	w8, w8, #0x1
0000000100002b18	str	w8, [sp, #0x4]
0000000100002b1c	ldr	x8, [sp, #0x8]
0000000100002b20	ldr	x8, [x8]
0000000100002b24	str	x8, [sp, #0x8]
0000000100002b28	b	0x100002afc
0000000100002b2c	ldr	w0, [sp, #0x4]
0000000100002b30	add	sp, sp, #0x10
0000000100002b34	ret
_list_concat:
0000000100002b38	sub	sp, sp, #0x20
0000000100002b3c	str	x0, [sp, #0x18]
0000000100002b40	str	x1, [sp, #0x10]
0000000100002b44	ldr	x8, [sp, #0x18]
0000000100002b48	subs	x8, x8, #0x0
0000000100002b4c	cset	w8, eq
0000000100002b50	tbnz	w8, #0x0, 0x100002b68
0000000100002b54	b	0x100002b58
0000000100002b58	ldr	x8, [sp, #0x18]
0000000100002b5c	ldr	x8, [x8]
0000000100002b60	str	x8, [sp]
0000000100002b64	b	0x100002b74
0000000100002b68	mov	x8, #0x0
0000000100002b6c	str	x8, [sp]
0000000100002b70	b	0x100002b74
0000000100002b74	ldr	x8, [sp]
0000000100002b78	str	x8, [sp, #0x8]
0000000100002b7c	ldr	x8, [sp, #0x8]
0000000100002b80	subs	x8, x8, #0x0
0000000100002b84	cset	w8, ne
0000000100002b88	tbnz	w8, #0x0, 0x100002ba0
0000000100002b8c	b	0x100002b90
0000000100002b90	ldr	x8, [sp, #0x10]
0000000100002b94	ldr	x9, [sp, #0x18]
0000000100002b98	str	x8, [x9]
0000000100002b9c	b	0x100002bfc
0000000100002ba0	b	0x100002ba4
0000000100002ba4	ldr	x8, [sp, #0x8]
0000000100002ba8	ldr	x8, [x8]
0000000100002bac	subs	x8, x8, #0x0
0000000100002bb0	cset	w8, eq
0000000100002bb4	tbnz	w8, #0x0, 0x100002bcc
0000000100002bb8	b	0x100002bbc
0000000100002bbc	ldr	x8, [sp, #0x8]
0000000100002bc0	ldr	x8, [x8]
0000000100002bc4	str	x8, [sp, #0x8]
0000000100002bc8	b	0x100002ba4
0000000100002bcc	ldr	x8, [sp, #0x10]
0000000100002bd0	ldr	x9, [sp, #0x8]
0000000100002bd4	str	x8, [x9]
0000000100002bd8	ldr	x8, [sp, #0x10]
0000000100002bdc	subs	x8, x8, #0x0
0000000100002be0	cset	w8, eq
0000000100002be4	tbnz	w8, #0x0, 0x100002bfc
0000000100002be8	b	0x100002bec
0000000100002bec	ldr	x8, [sp, #0x8]
0000000100002bf0	ldr	x9, [sp, #0x10]
0000000100002bf4	str	x8, [x9, #0x8]
0000000100002bf8	b	0x100002bfc
0000000100002bfc	add	sp, sp, #0x20
0000000100002c00	ret
_list_split:
0000000100002c04	sub	sp, sp, #0x40
0000000100002c08	stp	x29, x30, [sp, #0x30]
0000000100002c0c	add	x29, sp, #0x30
0000000100002c10	stur	x0, [x29, #-0x8]
0000000100002c14	stur	x1, [x29, #-0x10]
0000000100002c18	stur	w2, [x29, #-0x14]
0000000100002c1c	ldur	x8, [x29, #-0x8]
0000000100002c20	subs	x8, x8, #0x0
0000000100002c24	cset	w8, ne
0000000100002c28	tbnz	w8, #0x0, 0x100002c34
0000000100002c2c	b	0x100002c30
0000000100002c30	b	0x100002da4
0000000100002c34	ldur	x0, [x29, #-0x8]
0000000100002c38	bl	_list_length
0000000100002c3c	str	w0, [sp, #0x18]
0000000100002c40	ldr	w8, [sp, #0x18]
0000000100002c44	ldur	w9, [x29, #-0x14]
0000000100002c48	sdiv	w8, w8, w9
0000000100002c4c	str	w8, [sp, #0x14]
0000000100002c50	str	wzr, [sp, #0x10]
0000000100002c54	str	wzr, [sp, #0xc]
0000000100002c58	b	0x100002c5c
0000000100002c5c	ldr	w8, [sp, #0xc]
0000000100002c60	ldur	w9, [x29, #-0x14]
0000000100002c64	subs	w8, w8, w9
0000000100002c68	cset	w8, ge
0000000100002c6c	tbnz	w8, #0x0, 0x100002da4
0000000100002c70	b	0x100002c74
0000000100002c74	str	wzr, [sp, #0x10]
0000000100002c78	ldur	x8, [x29, #-0x8]
0000000100002c7c	ldur	x9, [x29, #-0x10]
0000000100002c80	ldrsw	x10, [sp, #0xc]
0000000100002c84	str	x8, [x9, x10, lsl #3]
0000000100002c88	ldur	x8, [x29, #-0x8]
0000000100002c8c	subs	x8, x8, #0x0
0000000100002c90	cset	w8, eq
0000000100002c94	tbnz	w8, #0x0, 0x100002ca8
0000000100002c98	b	0x100002c9c
0000000100002c9c	ldur	x8, [x29, #-0x8]
0000000100002ca0	str	xzr, [x8, #0x8]
0000000100002ca4	b	0x100002ca8
0000000100002ca8	b	0x100002cac
0000000100002cac	ldur	x8, [x29, #-0x8]
0000000100002cb0	subs	x8, x8, #0x0
0000000100002cb4	cset	w8, eq
0000000100002cb8	mov	w9, #0x0
0000000100002cbc	str	w9, [sp, #0x8]
0000000100002cc0	tbnz	w8, #0x0, 0x100002d18
0000000100002cc4	b	0x100002cc8
0000000100002cc8	ldr	w8, [sp, #0x10]
0000000100002ccc	add	w8, w8, #0x1
0000000100002cd0	str	w8, [sp, #0x10]
0000000100002cd4	ldr	w9, [sp, #0x14]
0000000100002cd8	subs	w8, w8, w9
0000000100002cdc	cset	w8, lt
0000000100002ce0	mov	w9, #0x1
0000000100002ce4	str	w9, [sp, #0x4]
0000000100002ce8	tbnz	w8, #0x0, 0x100002d0c
0000000100002cec	b	0x100002cf0
0000000100002cf0	ldr	w8, [sp, #0xc]
0000000100002cf4	ldur	w9, [x29, #-0x14]
0000000100002cf8	subs	w9, w9, #0x1
0000000100002cfc	subs	w8, w8, w9
0000000100002d00	cset	w8, eq
0000000100002d04	str	w8, [sp, #0x4]
0000000100002d08	b	0x100002d0c
0000000100002d0c	ldr	w8, [sp, #0x4]
0000000100002d10	str	w8, [sp, #0x8]
0000000100002d14	b	0x100002d18
0000000100002d18	ldr	w8, [sp, #0x8]
0000000100002d1c	tbz	w8, #0x0, 0x100002d34
0000000100002d20	b	0x100002d24
0000000100002d24	ldur	x8, [x29, #-0x8]
0000000100002d28	ldr	x8, [x8]
0000000100002d2c	stur	x8, [x29, #-0x8]
0000000100002d30	b	0x100002cac
0000000100002d34	ldur	x8, [x29, #-0x8]
0000000100002d38	subs	x8, x8, #0x0
0000000100002d3c	cset	w8, eq
0000000100002d40	tbnz	w8, #0x0, 0x100002d94
0000000100002d44	b	0x100002d48
0000000100002d48	ldur	x8, [x29, #-0x8]
0000000100002d4c	ldr	x8, [x8]
0000000100002d50	stur	x8, [x29, #-0x8]
0000000100002d54	ldur	x8, [x29, #-0x8]
0000000100002d58	subs	x8, x8, #0x0
0000000100002d5c	cset	w8, eq
0000000100002d60	tbnz	w8, #0x0, 0x100002d90
0000000100002d64	b	0x100002d68
0000000100002d68	ldur	x8, [x29, #-0x8]
0000000100002d6c	ldr	x8, [x8, #0x8]
0000000100002d70	subs	x8, x8, #0x0
0000000100002d74	cset	w8, eq
0000000100002d78	tbnz	w8, #0x0, 0x100002d90
0000000100002d7c	b	0x100002d80
0000000100002d80	ldur	x8, [x29, #-0x8]
0000000100002d84	ldr	x8, [x8, #0x8]
0000000100002d88	str	xzr, [x8]
0000000100002d8c	b	0x100002d90
0000000100002d90	b	0x100002d94
0000000100002d94	ldr	w8, [sp, #0xc]
0000000100002d98	add	w8, w8, #0x1
0000000100002d9c	str	w8, [sp, #0xc]
0000000100002da0	b	0x100002c5c
0000000100002da4	ldp	x29, x30, [sp, #0x30]
0000000100002da8	add	sp, sp, #0x40
0000000100002dac	ret
_list_from_chunks:
0000000100002db0	sub	sp, sp, #0x40
0000000100002db4	str	x0, [sp, #0x38]
0000000100002db8	str	x1, [sp, #0x30]
0000000100002dbc	str	w2, [sp, #0x2c]
0000000100002dc0	str	w3, [sp, #0x28]
0000000100002dc4	ldr	w8, [sp, #0x2c]
0000000100002dc8	add	w8, w8, #0x1
0000000100002dcc	ldr	w10, [sp, #0x28]
0000000100002dd0	sdiv	w9, w8, w10
0000000100002dd4	mul	w9, w9, w10
0000000100002dd8	subs	w8, w8, w9
0000000100002ddc	str	w8, [sp, #0x24]
0000000100002de0	ldr	x8, [sp, #0x38]
0000000100002de4	ldr	x8, [x8]
0000000100002de8	subs	x8, x8, #0x0
0000000100002dec	cset	w8, eq
0000000100002df0	tbnz	w8, #0x0, 0x100002e28
0000000100002df4	b	0x100002df8
0000000100002df8	ldr	x8, [sp, #0x30]
0000000100002dfc	subs	x8, x8, #0x0
0000000100002e00	cset	w8, eq
0000000100002e04	tbnz	w8, #0x0, 0x100002e28
0000000100002e08	b	0x100002e0c
0000000100002e0c	ldr	x8, [sp, #0x30]
0000000100002e10	ldrsw	x9, [sp, #0x24]
0000000100002e14	ldr	x8, [x8, x9, lsl #3]
0000000100002e18	subs	x8, x8, #0x0
0000000100002e1c	cset	w8, ne
0000000100002e20	tbnz	w8, #0x0, 0x100002e2c
0000000100002e24	b	0x100002e28
0000000100002e28	b	0x1000030cc
0000000100002e2c	ldr	x8, [sp, #0x30]
0000000100002e30	ldrsw	x9, [sp, #0x2c]
0000000100002e34	ldr	x8, [x8, x9, lsl #3]
0000000100002e38	str	x8, [sp, #0x18]
0000000100002e3c	ldr	x8, [sp, #0x18]
0000000100002e40	subs	x8, x8, #0x0
0000000100002e44	cset	w8, eq
0000000100002e48	tbnz	w8, #0x0, 0x100002e5c
0000000100002e4c	b	0x100002e50
0000000100002e50	ldr	x8, [sp, #0x18]
0000000100002e54	str	xzr, [x8, #0x8]
0000000100002e58	b	0x100002e5c
0000000100002e5c	b	0x100002e60
0000000100002e60	ldr	x8, [sp, #0x18]
0000000100002e64	subs	x8, x8, #0x0
0000000100002e68	cset	w8, eq
0000000100002e6c	mov	w9, #0x0
0000000100002e70	str	w9, [sp, #0x14]
0000000100002e74	tbnz	w8, #0x0, 0x100002ec0
0000000100002e78	b	0x100002e7c
0000000100002e7c	ldr	x8, [sp, #0x18]
0000000100002e80	ldr	x8, [x8]
0000000100002e84	subs	x8, x8, #0x0
0000000100002e88	cset	w8, eq
0000000100002e8c	mov	w9, #0x0
0000000100002e90	str	w9, [sp, #0x14]
0000000100002e94	tbnz	w8, #0x0, 0x100002ec0
0000000100002e98	b	0x100002e9c
0000000100002e9c	ldr	x8, [sp, #0x18]
0000000100002ea0	ldr	x8, [x8]
0000000100002ea4	ldr	x9, [sp, #0x30]
0000000100002ea8	ldrsw	x10, [sp, #0x24]
0000000100002eac	ldr	x9, [x9, x10, lsl #3]
0000000100002eb0	subs	x8, x8, x9
0000000100002eb4	cset	w8, ne
0000000100002eb8	str	w8, [sp, #0x14]
0000000100002ebc	b	0x100002ec0
0000000100002ec0	ldr	w8, [sp, #0x14]
0000000100002ec4	tbz	w8, #0x0, 0x100002edc
0000000100002ec8	b	0x100002ecc
0000000100002ecc	ldr	x8, [sp, #0x18]
0000000100002ed0	ldr	x8, [x8]
0000000100002ed4	str	x8, [sp, #0x18]
0000000100002ed8	b	0x100002e60
0000000100002edc	ldr	x8, [sp, #0x18]
0000000100002ee0	subs	x8, x8, #0x0
0000000100002ee4	cset	w8, eq
0000000100002ee8	tbnz	w8, #0x0, 0x100002efc
0000000100002eec	b	0x100002ef0
0000000100002ef0	ldr	x8, [sp, #0x18]
0000000100002ef4	str	xzr, [x8]
0000000100002ef8	b	0x100002efc
0000000100002efc	ldr	x8, [sp, #0x30]
0000000100002f00	ldrsw	x9, [sp, #0x24]
0000000100002f04	ldr	x8, [x8, x9, lsl #3]
0000000100002f08	ldr	x9, [sp, #0x38]
0000000100002f0c	str	x8, [x9]
0000000100002f10	str	x8, [sp, #0x18]
0000000100002f14	ldr	x8, [sp, #0x18]
0000000100002f18	subs	x8, x8, #0x0
0000000100002f1c	cset	w8, eq
0000000100002f20	tbnz	w8, #0x0, 0x100002f34
0000000100002f24	b	0x100002f28
0000000100002f28	ldr	x8, [sp, #0x18]
0000000100002f2c	str	xzr, [x8, #0x8]
0000000100002f30	b	0x100002f34
0000000100002f34	b	0x100002f38
0000000100002f38	ldr	w8, [sp, #0x24]
0000000100002f3c	ldr	w9, [sp, #0x2c]
0000000100002f40	subs	w8, w8, w9
0000000100002f44	cset	w8, eq
0000000100002f48	mov	w9, #0x0
0000000100002f4c	str	w9, [sp, #0x10]
0000000100002f50	tbnz	w8, #0x0, 0x100002f74
0000000100002f54	b	0x100002f58
0000000100002f58	ldr	x8, [sp, #0x30]
0000000100002f5c	ldrsw	x9, [sp, #0x24]
0000000100002f60	ldr	x8, [x8, x9, lsl #3]
0000000100002f64	subs	x8, x8, #0x0
0000000100002f68	cset	w8, ne
0000000100002f6c	str	w8, [sp, #0x10]
0000000100002f70	b	0x100002f74
0000000100002f74	ldr	w8, [sp, #0x10]
0000000100002f78	tbz	w8, #0x0, 0x1000030ac
0000000100002f7c	b	0x100002f80
0000000100002f80	ldr	w8, [sp, #0x24]
0000000100002f84	add	w8, w8, #0x1
0000000100002f88	ldr	w10, [sp, #0x28]
0000000100002f8c	sdiv	w9, w8, w10
0000000100002f90	mul	w9, w9, w10
0000000100002f94	subs	w8, w8, w9
0000000100002f98	str	w8, [sp, #0x24]
0000000100002f9c	b	0x100002fa0
0000000100002fa0	ldr	x8, [sp, #0x18]
0000000100002fa4	subs	x8, x8, #0x0
0000000100002fa8	cset	w8, eq
0000000100002fac	mov	w9, #0x0
0000000100002fb0	str	w9, [sp, #0xc]
0000000100002fb4	tbnz	w8, #0x0, 0x100003000
0000000100002fb8	b	0x100002fbc
0000000100002fbc	ldr	x8, [sp, #0x18]
0000000100002fc0	ldr	x8, [x8]
0000000100002fc4	subs	x8, x8, #0x0
0000000100002fc8	cset	w8, eq
0000000100002fcc	mov	w9, #0x0
0000000100002fd0	str	w9, [sp, #0xc]
0000000100002fd4	tbnz	w8, #0x0, 0x100003000
0000000100002fd8	b	0x100002fdc
0000000100002fdc	ldr	x8, [sp, #0x18]
0000000100002fe0	ldr	x8, [x8]
0000000100002fe4	ldr	x9, [sp, #0x30]
0000000100002fe8	ldrsw	x10, [sp, #0x24]
0000000100002fec	ldr	x9, [x9, x10, lsl #3]
0000000100002ff0	subs	x8, x8, x9
0000000100002ff4	cset	w8, ne
0000000100002ff8	str	w8, [sp, #0xc]
0000000100002ffc	b	0x100003000
0000000100003000	ldr	w8, [sp, #0xc]
0000000100003004	tbz	w8, #0x0, 0x100003048
0000000100003008	b	0x10000300c
000000010000300c	ldr	x8, [sp, #0x18]
0000000100003010	ldr	x8, [x8]
0000000100003014	subs	x8, x8, #0x0
0000000100003018	cset	w8, eq
000000010000301c	tbnz	w8, #0x0, 0x100003038
0000000100003020	b	0x100003024
0000000100003024	ldr	x8, [sp, #0x18]
0000000100003028	ldr	x9, [sp, #0x18]
000000010000302c	ldr	x9, [x9]
0000000100003030	str	x8, [x9, #0x8]
0000000100003034	b	0x100003038
0000000100003038	ldr	x8, [sp, #0x18]
000000010000303c	ldr	x8, [x8]
0000000100003040	str	x8, [sp, #0x18]
0000000100003044	b	0x100002fa0
0000000100003048	ldr	x8, [sp, #0x18]
000000010000304c	subs	x8, x8, #0x0
0000000100003050	cset	w8, eq
0000000100003054	tbnz	w8, #0x0, 0x100003074
0000000100003058	b	0x10000305c
000000010000305c	ldr	x8, [sp, #0x30]
0000000100003060	ldrsw	x9, [sp, #0x24]
0000000100003064	ldr	x8, [x8, x9, lsl #3]
0000000100003068	ldr	x9, [sp, #0x18]
000000010000306c	str	x8, [x9]
0000000100003070	b	0x100003074
0000000100003074	ldr	x8, [sp, #0x30]
0000000100003078	ldrsw	x9, [sp, #0x24]
000000010000307c	ldr	x8, [x8, x9, lsl #3]
0000000100003080	subs	x8, x8, #0x0
0000000100003084	cset	w8, eq
0000000100003088	tbnz	w8, #0x0, 0x1000030a8
000000010000308c	b	0x100003090
0000000100003090	ldr	x8, [sp, #0x18]
0000000100003094	ldr	x9, [sp, #0x30]
0000000100003098	ldrsw	x10, [sp, #0x24]
000000010000309c	ldr	x9, [x9, x10, lsl #3]
00000001000030a0	str	x8, [x9, #0x8]
00000001000030a4	b	0x1000030a8
00000001000030a8	b	0x100002f38
00000001000030ac	ldr	x8, [sp, #0x18]
00000001000030b0	subs	x8, x8, #0x0
00000001000030b4	cset	w8, eq
00000001000030b8	tbnz	w8, #0x0, 0x1000030cc
00000001000030bc	b	0x1000030c0
00000001000030c0	ldr	x8, [sp, #0x18]
00000001000030c4	str	xzr, [x8]
00000001000030c8	b	0x1000030cc
00000001000030cc	add	sp, sp, #0x40
00000001000030d0	ret
_shuffle:
00000001000030d4	sub	sp, sp, #0x40
00000001000030d8	stp	x29, x30, [sp, #0x30]
00000001000030dc	add	x29, sp, #0x30
00000001000030e0	stur	x0, [x29, #-0x8]
00000001000030e4	stur	x1, [x29, #-0x10]
00000001000030e8	ldur	x8, [x29, #-0x10]
00000001000030ec	subs	x8, x8, #0x1
00000001000030f0	cset	w8, ls
00000001000030f4	tbnz	w8, #0x0, 0x1000031ac
00000001000030f8	b	0x1000030fc
00000001000030fc	str	xzr, [sp, #0x18]
0000000100003100	b	0x100003104
0000000100003104	ldr	x8, [sp, #0x18]
0000000100003108	ldur	x9, [x29, #-0x10]
000000010000310c	subs	x9, x9, #0x1
0000000100003110	subs	x8, x8, x9
0000000100003114	cset	w8, hs
0000000100003118	tbnz	w8, #0x0, 0x1000031a8
000000010000311c	b	0x100003120
0000000100003120	ldr	x8, [sp, #0x18]
0000000100003124	str	x8, [sp]
0000000100003128	bl	0x100003c5c ; symbol stub for: _rand
000000010000312c	ldr	x8, [sp]
0000000100003130	mov	x9, x0
0000000100003134	sxtw	x9, w9
0000000100003138	ldur	x10, [x29, #-0x10]
000000010000313c	ldr	x11, [sp, #0x18]
0000000100003140	subs	x11, x10, x11
0000000100003144	mov	x10, #0x7fffffff
0000000100003148	udiv	x10, x10, x11
000000010000314c	add	x10, x10, #0x1
0000000100003150	udiv	x9, x9, x10
0000000100003154	add	x8, x8, x9
0000000100003158	str	x8, [sp, #0x10]
000000010000315c	ldur	x8, [x29, #-0x8]
0000000100003160	ldr	x9, [sp, #0x10]
0000000100003164	ldr	w8, [x8, x9, lsl #2]
0000000100003168	str	w8, [sp, #0xc]
000000010000316c	ldur	x8, [x29, #-0x8]
0000000100003170	ldr	x9, [sp, #0x18]
0000000100003174	ldr	w8, [x8, x9, lsl #2]
0000000100003178	ldur	x9, [x29, #-0x8]
000000010000317c	ldr	x10, [sp, #0x10]
0000000100003180	str	w8, [x9, x10, lsl #2]
0000000100003184	ldr	w8, [sp, #0xc]
0000000100003188	ldur	x9, [x29, #-0x8]
000000010000318c	ldr	x10, [sp, #0x18]
0000000100003190	str	w8, [x9, x10, lsl #2]
0000000100003194	b	0x100003198
0000000100003198	ldr	x8, [sp, #0x18]
000000010000319c	add	x8, x8, #0x1
00000001000031a0	str	x8, [sp, #0x18]
00000001000031a4	b	0x100003104
00000001000031a8	b	0x1000031ac
00000001000031ac	ldp	x29, x30, [sp, #0x30]
00000001000031b0	add	sp, sp, #0x40
00000001000031b4	ret
_test_set:
00000001000031b8	sub	sp, sp, #0x40
00000001000031bc	stp	x29, x30, [sp, #0x30]
00000001000031c0	add	x29, sp, #0x30
00000001000031c4	str	x0, [sp, #0x10]
00000001000031c8	str	x1, [sp, #0x8]
00000001000031cc	ldr	x8, [sp, #0x8]
00000001000031d0	ldr	x10, [x8]
00000001000031d4	ldr	x8, [sp, #0x8]
00000001000031d8	ldr	x10, [x8]
00000001000031dc	dmb	sy
00000001000031e0	isb
00000001000031e4	adrp	x8, 5 ; 0x100008000
00000001000031e8	ldr	x8, [x8, #0x138]
00000001000031ec	ldr	x0, [sp, #0x10]
00000001000031f0	blr	x8
00000001000031f4	ldr	x8, [sp, #0x8]
00000001000031f8	stur	x8, [x29, #-0x8]
00000001000031fc	dmb	sy
0000000100003200	isb
0000000100003204	adrp	x8, 5 ; 0x100008000
0000000100003208	add	x8, x8, #0x150
000000010000320c	ldr	x9, [x8]
0000000100003210	stur	x9, [x29, #-0x10]
0000000100003214	dmb	sy
0000000100003218	isb
000000010000321c	ldur	x9, [x29, #-0x8]
0000000100003220	ldr	x10, [x9]
0000000100003224	dmb	sy
0000000100003228	isb
000000010000322c	ldr	x8, [x8]
0000000100003230	str	x8, [sp, #0x18]
0000000100003234	dmb	sy
0000000100003238	isb
000000010000323c	ldr	x8, [sp, #0x18]
0000000100003240	ldur	x9, [x29, #-0x10]
0000000100003244	subs	x8, x8, x9
0000000100003248	mov	x0, x8
000000010000324c	ldp	x29, x30, [sp, #0x30]
0000000100003250	add	sp, sp, #0x40
0000000100003254	ret
_tests_avg:
0000000100003258	sub	sp, sp, #0x40
000000010000325c	stp	x29, x30, [sp, #0x30]
0000000100003260	add	x29, sp, #0x30
0000000100003264	stur	x0, [x29, #-0x8]
0000000100003268	stur	x1, [x29, #-0x10]
000000010000326c	stur	w2, [x29, #-0x14]
0000000100003270	str	wzr, [sp, #0x18]
0000000100003274	str	wzr, [sp, #0x14]
0000000100003278	str	wzr, [sp, #0x10]
000000010000327c	str	wzr, [sp, #0xc]
0000000100003280	str	wzr, [sp, #0x18]
0000000100003284	b	0x100003288
0000000100003288	ldr	w8, [sp, #0x18]
000000010000328c	ldur	w9, [x29, #-0x14]
0000000100003290	subs	w8, w8, w9
0000000100003294	cset	w8, ge
0000000100003298	tbnz	w8, #0x0, 0x1000032ec
000000010000329c	b	0x1000032a0
00000001000032a0	ldur	x0, [x29, #-0x8]
00000001000032a4	ldur	x1, [x29, #-0x10]
00000001000032a8	bl	_test_set
00000001000032ac	str	w0, [sp, #0x10]
00000001000032b0	ldr	w8, [sp, #0x10]
00000001000032b4	subs	w8, w8, #0x320
00000001000032b8	cset	w8, hs
00000001000032bc	tbnz	w8, #0x0, 0x1000032d8
00000001000032c0	b	0x1000032c4
00000001000032c4	ldr	w9, [sp, #0x10]
00000001000032c8	ldr	w8, [sp, #0xc]
00000001000032cc	add	w8, w8, w9
00000001000032d0	str	w8, [sp, #0xc]
00000001000032d4	b	0x1000032d8
00000001000032d8	b	0x1000032dc
00000001000032dc	ldr	w8, [sp, #0x18]
00000001000032e0	add	w8, w8, #0x1
00000001000032e4	str	w8, [sp, #0x18]
00000001000032e8	b	0x100003288
00000001000032ec	ldr	s0, [sp, #0xc]
00000001000032f0	ucvtf	s0, s0
00000001000032f4	ldur	s1, [x29, #-0x14]
00000001000032f8	scvtf	s1, s1
00000001000032fc	fdiv	s0, s0, s1
0000000100003300	fcvtzs	w8, s0
0000000100003304	str	w8, [sp, #0x14]
0000000100003308	ldrsw	x8, [sp, #0x14]
000000010000330c	adrp	x9, 5 ; 0x100008000
0000000100003310	ldr	x9, [x9, #0x108]
0000000100003314	subs	x8, x8, x9
0000000100003318	cset	w8, hi
000000010000331c	and	w0, w8, #0x1
0000000100003320	ldp	x29, x30, [sp, #0x30]
0000000100003324	add	sp, sp, #0x40
0000000100003328	ret
_counter_thread_thread:
000000010000332c	sub	sp, sp, #0x10
0000000100003330	str	x0, [sp, #0x8]
0000000100003334	ldr	x8, [sp, #0x8]
0000000100003338	ldr	x10, [x8]
000000010000333c	add	x10, x10, #0x1
0000000100003340	str	x10, [x8]
0000000100003344	b	0x10000333c
0000000100003348	mov	x0, #0x0
000000010000334c	add	sp, sp, #0x10
0000000100003350	ret
_timer_start:
0000000100003354	stp	x29, x30, [sp, #-0x10]!
0000000100003358	mov	x29, sp
000000010000335c	adrp	x10, 5 ; 0x100008000
0000000100003360	ldr	w8, [x10, #0x140]
0000000100003364	add	w9, w8, #0x1
0000000100003368	str	w9, [x10, #0x140]
000000010000336c	subs	w8, w8, #0x0
0000000100003370	cset	w8, ne
0000000100003374	tbnz	w8, #0x0, 0x1000033a0
0000000100003378	b	0x10000337c
000000010000337c	adrp	x0, 5 ; 0x100008000
0000000100003380	add	x0, x0, #0x148
0000000100003384	mov	x1, #0x0
0000000100003388	adrp	x2, 0 ; 0x100003000
000000010000338c	add	x2, x2, #0x32c
0000000100003390	adrp	x3, 5 ; 0x100008000
0000000100003394	add	x3, x3, #0x150
0000000100003398	bl	0x100003c38 ; symbol stub for: _pthread_create
000000010000339c	b	0x1000033a0
00000001000033a0	ldp	x29, x30, [sp], #0x10
00000001000033a4	ret
_timer_stop:
00000001000033a8	stp	x29, x30, [sp, #-0x10]!
00000001000033ac	mov	x29, sp
00000001000033b0	adrp	x9, 5 ; 0x100008000
00000001000033b4	ldr	w8, [x9, #0x140]
00000001000033b8	subs	w8, w8, #0x1
00000001000033bc	str	w8, [x9, #0x140]
00000001000033c0	subs	w8, w8, #0x0
00000001000033c4	cset	w8, ne
00000001000033c8	tbnz	w8, #0x0, 0x1000033e0
00000001000033cc	b	0x1000033d0
00000001000033d0	adrp	x8, 5 ; 0x100008000
00000001000033d4	ldr	x0, [x8, #0x148]
00000001000033d8	bl	0x100003c2c ; symbol stub for: _pthread_cancel
00000001000033dc	b	0x1000033e0
00000001000033e0	ldp	x29, x30, [sp], #0x10
00000001000033e4	ret
_victim:
00000001000033e8	sub	sp, sp, #0x20
00000001000033ec	str	x0, [sp, #0x18]
00000001000033f0	ldr	x8, [sp, #0x18]
00000001000033f4	mov	x9, #0x4
00000001000033f8	udiv	x10, x8, x9
00000001000033fc	mul	x10, x10, x9
0000000100003400	subs	x8, x8, x10
0000000100003404	lsl	x8, x8, #1
0000000100003408	str	w8, [sp, #0x14]
000000010000340c	ldr	x8, [sp, #0x18]
0000000100003410	udiv	x8, x8, x9
0000000100003414	str	x8, [sp, #0x8]
0000000100003418	ldr	x8, [sp, #0x8]
000000010000341c	adrp	x9, 5 ; 0x100008000
0000000100003420	ldr	x9, [x9, #0x168]
0000000100003424	ldr	x9, [x9]
0000000100003428	subs	x8, x8, x9
000000010000342c	cset	w8, hs
0000000100003430	tbnz	w8, #0x0, 0x10000346c
0000000100003434	b	0x100003438
0000000100003438	adrp	x8, 5 ; 0x100008000
000000010000343c	ldr	x8, [x8, #0x160]
0000000100003440	adrp	x9, 5 ; 0x100008000
0000000100003444	ldr	x9, [x9, #0x158]
0000000100003448	ldr	x10, [sp, #0x8]
000000010000344c	ldrsb	w9, [x9, x10]
0000000100003450	ldr	w10, [sp, #0x14]
0000000100003454	asr	w9, w9, w10
0000000100003458	and	w9, w9, #0x3
000000010000345c	lsl	w9, w9, #9
0000000100003460	add	x8, x8, w9, sxtw
0000000100003464	ldr	x10, [x8]
0000000100003468	b	0x10000346c
000000010000346c	add	sp, sp, #0x20
0000000100003470	ret
_setup:
0000000100003474	sub	sp, sp, #0xb0
0000000100003478	stp	x29, x30, [sp, #0xa0]
000000010000347c	add	x29, sp, #0xa0
0000000100003480	stur	x0, [x29, #-0x10]
0000000100003484	stur	x1, [x29, #-0x18]
0000000100003488	adrp	x8, 5 ; 0x100008000
000000010000348c	ldr	x8, [x8, #0x158]
0000000100003490	subs	x8, x8, #0x0
0000000100003494	cset	w8, eq
0000000100003498	tbnz	w8, #0x0, 0x1000034b0
000000010000349c	b	0x1000034a0
00000001000034a0	adrp	x8, 5 ; 0x100008000
00000001000034a4	ldr	x0, [x8, #0x158]
00000001000034a8	bl	0x100003bd8 ; symbol stub for: _free
00000001000034ac	b	0x1000034b0
00000001000034b0	adrp	x8, 5 ; 0x100008000
00000001000034b4	ldr	x8, [x8, #0x160]
00000001000034b8	subs	x8, x8, #0x0
00000001000034bc	cset	w8, ne
00000001000034c0	tbnz	w8, #0x0, 0x1000034dc
00000001000034c4	b	0x1000034c8
00000001000034c8	mov	x0, #0x800
00000001000034cc	bl	0x100003bfc ; symbol stub for: _malloc
00000001000034d0	adrp	x8, 5 ; 0x100008000
00000001000034d4	str	x0, [x8, #0x160]
00000001000034d8	b	0x1000034dc
00000001000034dc	adrp	x8, 5 ; 0x100008000
00000001000034e0	ldr	x8, [x8, #0x160]
00000001000034e4	subs	x8, x8, #0x0
00000001000034e8	cset	w8, ne
00000001000034ec	tbnz	w8, #0x0, 0x100003534
00000001000034f0	b	0x1000034f4
00000001000034f4	adrp	x8, 1 ; 0x100004000
00000001000034f8	ldr	x8, [x8] ; literal pool symbol address: ___stderrp
00000001000034fc	ldr	x0, [x8]
0000000100003500	mov	x9, sp
0000000100003504	mov	x8, #0x800
0000000100003508	str	x8, [x9]
000000010000350c	mov	x8, #0x4
0000000100003510	str	x8, [x9, #0x8]
0000000100003514	mov	x8, #0x200
0000000100003518	str	x8, [x9, #0x10]
000000010000351c	adrp	x1, 0 ; 0x100003000
0000000100003520	add	x1, x1, #0xeb4 ; literal pool for: "malloc of array2 with size %d failed (%d entries of size %d)\n"
0000000100003524	bl	0x100003bcc ; symbol stub for: _fprintf
0000000100003528	mov	w8, #0x1
000000010000352c	stur	w8, [x29, #-0x4]
0000000100003530	b	0x100003830
0000000100003534	ldur	x0, [x29, #-0x10]
0000000100003538	bl	0x100003c80 ; symbol stub for: _strlen
000000010000353c	add	x8, x0, #0x1
0000000100003540	stur	x8, [x29, #-0x28]
0000000100003544	ldur	x0, [x29, #-0x18]
0000000100003548	bl	0x100003c80 ; symbol stub for: _strlen
000000010000354c	ldur	x8, [x29, #-0x28]
0000000100003550	add	x8, x8, x0
0000000100003554	add	x0, x8, #0x1
0000000100003558	bl	0x100003bfc ; symbol stub for: _malloc
000000010000355c	adrp	x8, 5 ; 0x100008000
0000000100003560	str	x0, [x8, #0x158]
0000000100003564	ldr	x8, [x8, #0x158]
0000000100003568	subs	x8, x8, #0x0
000000010000356c	cset	w8, ne
0000000100003570	tbnz	w8, #0x0, 0x1000035e8
0000000100003574	b	0x100003578
0000000100003578	adrp	x8, 1 ; 0x100004000
000000010000357c	ldr	x8, [x8] ; literal pool symbol address: ___stderrp
0000000100003580	ldr	x8, [x8]
0000000100003584	stur	x8, [x29, #-0x38]
0000000100003588	ldur	x0, [x29, #-0x10]
000000010000358c	bl	0x100003c80 ; symbol stub for: _strlen
0000000100003590	stur	x0, [x29, #-0x40]
0000000100003594	ldur	x0, [x29, #-0x18]
0000000100003598	bl	0x100003c80 ; symbol stub for: _strlen
000000010000359c	ldur	x8, [x29, #-0x40]
00000001000035a0	mov	x9, x0
00000001000035a4	ldur	x0, [x29, #-0x38]
00000001000035a8	add	x8, x8, x9
00000001000035ac	add	x8, x8, #0x2
00000001000035b0	mov	x9, sp
00000001000035b4	str	x8, [x9]
00000001000035b8	adrp	x1, 0 ; 0x100003000
00000001000035bc	add	x1, x1, #0xef2 ; literal pool for: "malloc of array1 with size %zu failed\n"
00000001000035c0	bl	0x100003bcc ; symbol stub for: _fprintf
00000001000035c4	adrp	x8, 5 ; 0x100008000
00000001000035c8	stur	x8, [x29, #-0x30]
00000001000035cc	ldr	x0, [x8, #0x160]
00000001000035d0	bl	0x100003bd8 ; symbol stub for: _free
00000001000035d4	ldur	x8, [x29, #-0x30]
00000001000035d8	str	xzr, [x8, #0x160]
00000001000035dc	mov	w8, #0x1
00000001000035e0	stur	w8, [x29, #-0x4]
00000001000035e4	b	0x100003830
00000001000035e8	adrp	x8, 5 ; 0x100008000
00000001000035ec	ldr	x8, [x8, #0x168]
00000001000035f0	subs	x8, x8, #0x0
00000001000035f4	cset	w8, ne
00000001000035f8	tbnz	w8, #0x0, 0x100003688
00000001000035fc	b	0x100003600
0000000100003600	mov	x0, #0x8
0000000100003604	bl	0x100003bfc ; symbol stub for: _malloc
0000000100003608	adrp	x8, 5 ; 0x100008000
000000010000360c	str	x0, [x8, #0x168]
0000000100003610	ldr	x8, [x8, #0x168]
0000000100003614	subs	x8, x8, #0x0
0000000100003618	cset	w8, ne
000000010000361c	tbnz	w8, #0x0, 0x100003684
0000000100003620	b	0x100003624
0000000100003624	adrp	x8, 1 ; 0x100004000
0000000100003628	ldr	x8, [x8] ; literal pool symbol address: ___stderrp
000000010000362c	ldr	x0, [x8]
0000000100003630	mov	x9, sp
0000000100003634	mov	x8, #0x8
0000000100003638	str	x8, [x9]
000000010000363c	adrp	x1, 0 ; 0x100003000
0000000100003640	add	x1, x1, #0xf19 ; literal pool for: "malloc of array_size with size %zu failed\n"
0000000100003644	bl	0x100003bcc ; symbol stub for: _fprintf
0000000100003648	adrp	x8, 5 ; 0x100008000
000000010000364c	str	x8, [sp, #0x50]
0000000100003650	ldr	x0, [x8, #0x160]
0000000100003654	bl	0x100003bd8 ; symbol stub for: _free
0000000100003658	ldr	x8, [sp, #0x50]
000000010000365c	str	xzr, [x8, #0x160]
0000000100003660	adrp	x8, 5 ; 0x100008000
0000000100003664	stur	x8, [x29, #-0x48]
0000000100003668	ldr	x0, [x8, #0x158]
000000010000366c	bl	0x100003bd8 ; symbol stub for: _free
0000000100003670	ldur	x8, [x29, #-0x48]
0000000100003674	str	xzr, [x8, #0x158]
0000000100003678	mov	w8, #0x1
000000010000367c	stur	w8, [x29, #-0x4]
0000000100003680	b	0x100003830
0000000100003684	b	0x100003688
0000000100003688	ldur	x0, [x29, #-0x10]
000000010000368c	bl	0x100003c80 ; symbol stub for: _strlen
0000000100003690	add	x8, x0, #0x1
0000000100003694	adrp	x9, 5 ; 0x100008000
0000000100003698	str	x9, [sp, #0x40]
000000010000369c	ldr	x9, [x9, #0x168]
00000001000036a0	str	x8, [x9]
00000001000036a4	adrp	x8, 5 ; 0x100008000
00000001000036a8	str	x8, [sp, #0x38]
00000001000036ac	ldr	x0, [x8, #0x158]
00000001000036b0	ldur	x1, [x29, #-0x10]
00000001000036b4	mov	x2, #-0x1
00000001000036b8	str	x2, [sp, #0x48]
00000001000036bc	bl	0x100003ba8 ; symbol stub for: ___strcpy_chk
00000001000036c0	ldr	x8, [sp, #0x38]
00000001000036c4	ldr	x9, [sp, #0x40]
00000001000036c8	ldr	x2, [sp, #0x48]
00000001000036cc	ldr	x8, [x8, #0x158]
00000001000036d0	ldr	x9, [x9, #0x168]
00000001000036d4	ldr	x9, [x9]
00000001000036d8	add	x0, x8, x9
00000001000036dc	ldur	x1, [x29, #-0x18]
00000001000036e0	bl	0x100003ba8 ; symbol stub for: ___strcpy_chk
00000001000036e4	adrp	x8, 5 ; 0x100008000
00000001000036e8	ldr	x8, [x8, #0x170]
00000001000036ec	subs	x8, x8, #0x0
00000001000036f0	cset	w8, ne
00000001000036f4	tbnz	w8, #0x0, 0x10000380c
00000001000036f8	b	0x1000036fc
00000001000036fc	mov	x0, #0x28
0000000100003700	bl	0x100003bfc ; symbol stub for: _malloc
0000000100003704	adrp	x8, 5 ; 0x100008000
0000000100003708	str	x0, [x8, #0x170]
000000010000370c	ldr	x8, [x8, #0x170]
0000000100003710	subs	x8, x8, #0x0
0000000100003714	cset	w8, ne
0000000100003718	tbnz	w8, #0x0, 0x100003798
000000010000371c	b	0x100003720
0000000100003720	adrp	x8, 1 ; 0x100004000
0000000100003724	ldr	x8, [x8] ; literal pool symbol address: ___stderrp
0000000100003728	ldr	x0, [x8]
000000010000372c	mov	x9, sp
0000000100003730	mov	x8, #0x28
0000000100003734	str	x8, [x9]
0000000100003738	adrp	x1, 0 ; 0x100003000
000000010000373c	add	x1, x1, #0xf44 ; literal pool for: "malloc of array2_ctx with size %zu failed\n"
0000000100003740	bl	0x100003bcc ; symbol stub for: _fprintf
0000000100003744	adrp	x8, 5 ; 0x100008000
0000000100003748	str	x8, [sp, #0x20]
000000010000374c	ldr	x0, [x8, #0x160]
0000000100003750	bl	0x100003bd8 ; symbol stub for: _free
0000000100003754	ldr	x8, [sp, #0x20]
0000000100003758	str	xzr, [x8, #0x160]
000000010000375c	adrp	x8, 5 ; 0x100008000
0000000100003760	str	x8, [sp, #0x28]
0000000100003764	ldr	x0, [x8, #0x158]
0000000100003768	bl	0x100003bd8 ; symbol stub for: _free
000000010000376c	ldr	x8, [sp, #0x28]
0000000100003770	str	xzr, [x8, #0x158]
0000000100003774	adrp	x8, 5 ; 0x100008000
0000000100003778	str	x8, [sp, #0x30]
000000010000377c	ldr	x0, [x8, #0x168]
0000000100003780	bl	0x100003bd8 ; symbol stub for: _free
0000000100003784	ldr	x8, [sp, #0x30]
0000000100003788	str	xzr, [x8, #0x168]
000000010000378c	mov	w8, #0x1
0000000100003790	stur	w8, [x29, #-0x4]
0000000100003794	b	0x100003830
0000000100003798	stur	wzr, [x29, #-0x1c]
000000010000379c	b	0x1000037a0
00000001000037a0	ldur	w8, [x29, #-0x1c]
00000001000037a4	subs	w8, w8, #0x4
00000001000037a8	cset	w8, ge
00000001000037ac	tbnz	w8, #0x0, 0x1000037f0
00000001000037b0	b	0x1000037b4
00000001000037b4	adrp	x8, 5 ; 0x100008000
00000001000037b8	ldr	x8, [x8, #0x160]
00000001000037bc	ldur	w9, [x29, #-0x1c]
00000001000037c0	lsl	w9, w9, #9
00000001000037c4	add	x0, x8, w9, sxtw
00000001000037c8	bl	_cache_remove_prepare
00000001000037cc	adrp	x8, 5 ; 0x100008000
00000001000037d0	ldr	x8, [x8, #0x170]
00000001000037d4	ldursw	x9, [x29, #-0x1c]
00000001000037d8	str	x0, [x8, x9, lsl #3]
00000001000037dc	b	0x1000037e0
00000001000037e0	ldur	w8, [x29, #-0x1c]
00000001000037e4	add	w8, w8, #0x1
00000001000037e8	stur	w8, [x29, #-0x1c]
00000001000037ec	b	0x1000037a0
00000001000037f0	adrp	x8, 5 ; 0x100008000
00000001000037f4	ldr	x0, [x8, #0x168]
00000001000037f8	bl	_cache_remove_prepare
00000001000037fc	adrp	x8, 5 ; 0x100008000
0000000100003800	ldr	x8, [x8, #0x170]
0000000100003804	str	x0, [x8, #0x20]
0000000100003808	b	0x10000380c
000000010000380c	adrp	x8, 5 ; 0x100008000
0000000100003810	ldr	x8, [x8, #0x168]
0000000100003814	ldr	x8, [x8]
0000000100003818	subs	x8, x8, #0x1
000000010000381c	lsl	x8, x8, #2
0000000100003820	adrp	x9, 5 ; 0x100008000
0000000100003824	str	x8, [x9, #0x178]
0000000100003828	stur	wzr, [x29, #-0x4]
000000010000382c	b	0x100003830
0000000100003830	ldur	w0, [x29, #-0x4]
0000000100003834	ldp	x29, x30, [sp, #0xa0]
0000000100003838	add	sp, sp, #0xb0
000000010000383c	ret
_leakValue:
0000000100003840	sub	sp, sp, #0x70
0000000100003844	stp	x29, x30, [sp, #0x60]
0000000100003848	add	x29, sp, #0x60
000000010000384c	stur	x0, [x29, #-0x20]
0000000100003850	stur	wzr, [x29, #-0x24]
0000000100003854	b	0x100003858
0000000100003858	ldur	w8, [x29, #-0x24]
000000010000385c	subs	w8, w8, #0x4
0000000100003860	cset	w8, ge
0000000100003864	tbnz	w8, #0x0, 0x100003894
0000000100003868	b	0x10000386c
000000010000386c	ldursw	x10, [x29, #-0x24]
0000000100003870	adrp	x9, 5 ; 0x100008000
0000000100003874	add	x9, x9, #0x180
0000000100003878	mov	w8, #0x0
000000010000387c	str	w8, [x9, x10, lsl #2]
0000000100003880	b	0x100003884
0000000100003884	ldur	w8, [x29, #-0x24]
0000000100003888	add	w8, w8, #0x1
000000010000388c	stur	w8, [x29, #-0x24]
0000000100003890	b	0x100003858
0000000100003894	stur	wzr, [x29, #-0x28]
0000000100003898	b	0x10000389c
000000010000389c	ldur	w8, [x29, #-0x28]
00000001000038a0	subs	w8, w8, #0x4
00000001000038a4	cset	w8, ge
00000001000038a8	tbnz	w8, #0x0, 0x100003a8c
00000001000038ac	b	0x1000038b0
00000001000038b0	stur	wzr, [x29, #-0x2c]
00000001000038b4	b	0x1000038b8
00000001000038b8	ldur	w8, [x29, #-0x2c]
00000001000038bc	subs	w8, w8, #0x4
00000001000038c0	cset	w8, ge
00000001000038c4	tbnz	w8, #0x0, 0x1000038f4
00000001000038c8	b	0x1000038cc
00000001000038cc	adrp	x8, 5 ; 0x100008000
00000001000038d0	ldr	x8, [x8, #0x170]
00000001000038d4	ldursw	x9, [x29, #-0x2c]
00000001000038d8	ldr	x0, [x8, x9, lsl #3]
00000001000038dc	bl	_cache_remove
00000001000038e0	b	0x1000038e4
00000001000038e4	ldur	w8, [x29, #-0x2c]
00000001000038e8	add	w8, w8, #0x1
00000001000038ec	stur	w8, [x29, #-0x2c]
00000001000038f0	b	0x1000038b8
00000001000038f4	dmb	sy
00000001000038f8	isb
00000001000038fc	mov	w8, #0x28
0000000100003900	str	w8, [sp, #0x30]
0000000100003904	b	0x100003908
0000000100003908	ldr	w8, [sp, #0x30]
000000010000390c	subs	w8, w8, #0x0
0000000100003910	cset	w8, lt
0000000100003914	tbnz	w8, #0x0, 0x10000398c
0000000100003918	b	0x10000391c
000000010000391c	ldr	w8, [sp, #0x30]
0000000100003920	mov	w10, #0xa
0000000100003924	sdiv	w9, w8, w10
0000000100003928	mul	w9, w9, w10
000000010000392c	subs	w8, w8, w9
0000000100003930	subs	w8, w8, #0x0
0000000100003934	cset	w9, eq
0000000100003938	mov	x8, x9
000000010000393c	and	x8, x8, #0x1
0000000100003940	ldur	x10, [x29, #-0x20]
0000000100003944	adrp	x9, 5 ; 0x100008000
0000000100003948	ldr	x11, [x9, #0x178]
000000010000394c	subs	x10, x10, x11
0000000100003950	mul	x8, x8, x10
0000000100003954	ldr	x9, [x9, #0x178]
0000000100003958	add	x8, x8, x9
000000010000395c	str	x8, [sp, #0x28]
0000000100003960	adrp	x8, 5 ; 0x100008000
0000000100003964	ldr	x8, [x8, #0x170]
0000000100003968	ldr	x0, [x8, #0x20]
000000010000396c	bl	_cache_remove
0000000100003970	ldr	x0, [sp, #0x28]
0000000100003974	bl	_victim
0000000100003978	b	0x10000397c
000000010000397c	ldr	w8, [sp, #0x30]
0000000100003980	subs	w8, w8, #0x1
0000000100003984	str	w8, [sp, #0x30]
0000000100003988	b	0x100003908
000000010000398c	str	wzr, [sp, #0x1c]
0000000100003990	b	0x100003994
0000000100003994	ldr	w8, [sp, #0x1c]
0000000100003998	subs	w8, w8, #0x4
000000010000399c	cset	w8, ge
00000001000039a0	tbnz	w8, #0x0, 0x100003a78
00000001000039a4	b	0x1000039a8
00000001000039a8	adrp	x8, 5 ; 0x100008000
00000001000039ac	ldr	x8, [x8, #0x160]
00000001000039b0	ldr	w9, [sp, #0x1c]
00000001000039b4	lsl	w9, w9, #9
00000001000039b8	add	x8, x8, w9, sxtw
00000001000039bc	stur	x8, [x29, #-0x8]
00000001000039c0	dmb	sy
00000001000039c4	isb
00000001000039c8	adrp	x8, 5 ; 0x100008000
00000001000039cc	add	x8, x8, #0x150
00000001000039d0	ldr	x9, [x8]
00000001000039d4	stur	x9, [x29, #-0x10]
00000001000039d8	dmb	sy
00000001000039dc	isb
00000001000039e0	ldur	x9, [x29, #-0x8]
00000001000039e4	ldr	x10, [x9]
00000001000039e8	dmb	sy
00000001000039ec	isb
00000001000039f0	ldr	x8, [x8]
00000001000039f4	stur	x8, [x29, #-0x18]
00000001000039f8	dmb	sy
00000001000039fc	isb
0000000100003a00	ldur	x8, [x29, #-0x18]
0000000100003a04	ldur	x9, [x29, #-0x10]
0000000100003a08	subs	x8, x8, x9
0000000100003a0c	str	x8, [sp, #0x20]
0000000100003a10	ldr	x8, [sp, #0x20]
0000000100003a14	subs	x8, x8, #0x78
0000000100003a18	cset	w8, hs
0000000100003a1c	mov	w9, #0x0
0000000100003a20	str	w9, [sp, #0xc]
0000000100003a24	tbnz	w8, #0x0, 0x100003a40
0000000100003a28	b	0x100003a2c
0000000100003a2c	ldr	x8, [sp, #0x20]
0000000100003a30	subs	x8, x8, #0x0
0000000100003a34	cset	w8, ne
0000000100003a38	str	w8, [sp, #0xc]
0000000100003a3c	b	0x100003a40
0000000100003a40	ldr	w8, [sp, #0xc]
0000000100003a44	and	w10, w8, #0x1
0000000100003a48	ldrsw	x9, [sp, #0x1c]
0000000100003a4c	adrp	x8, 5 ; 0x100008000
0000000100003a50	add	x8, x8, #0x180
0000000100003a54	add	x9, x8, x9, lsl #2
0000000100003a58	ldr	w8, [x9]
0000000100003a5c	add	w8, w8, w10
0000000100003a60	str	w8, [x9]
0000000100003a64	b	0x100003a68
0000000100003a68	ldr	w8, [sp, #0x1c]
0000000100003a6c	add	w8, w8, #0x1
0000000100003a70	str	w8, [sp, #0x1c]
0000000100003a74	b	0x100003994
0000000100003a78	b	0x100003a7c
0000000100003a7c	ldur	w8, [x29, #-0x28]
0000000100003a80	add	w8, w8, #0x1
0000000100003a84	stur	w8, [x29, #-0x28]
0000000100003a88	b	0x10000389c
0000000100003a8c	str	wzr, [sp, #0x18]
0000000100003a90	str	wzr, [sp, #0x14]
0000000100003a94	mov	w8, #0x1
0000000100003a98	str	w8, [sp, #0x10]
0000000100003a9c	b	0x100003aa0
0000000100003aa0	ldr	w8, [sp, #0x10]
0000000100003aa4	subs	w8, w8, #0x4
0000000100003aa8	cset	w8, ge
0000000100003aac	tbnz	w8, #0x0, 0x100003b0c
0000000100003ab0	b	0x100003ab4
0000000100003ab4	ldrsw	x9, [sp, #0x10]
0000000100003ab8	adrp	x8, 5 ; 0x100008000
0000000100003abc	add	x8, x8, #0x180
0000000100003ac0	ldr	w8, [x8, x9, lsl #2]
0000000100003ac4	ldr	w9, [sp, #0x14]
0000000100003ac8	subs	w8, w8, w9
0000000100003acc	cset	w8, le
0000000100003ad0	tbnz	w8, #0x0, 0x100003af8
0000000100003ad4	b	0x100003ad8
0000000100003ad8	ldr	w8, [sp, #0x10]
0000000100003adc	str	w8, [sp, #0x18]
0000000100003ae0	ldrsw	x9, [sp, #0x10]
0000000100003ae4	adrp	x8, 5 ; 0x100008000
0000000100003ae8	add	x8, x8, #0x180
0000000100003aec	ldr	w8, [x8, x9, lsl #2]
0000000100003af0	str	w8, [sp, #0x14]
0000000100003af4	b	0x100003af8
0000000100003af8	b	0x100003afc
0000000100003afc	ldr	w8, [sp, #0x10]
0000000100003b00	add	w8, w8, #0x1
0000000100003b04	str	w8, [sp, #0x10]
0000000100003b08	b	0x100003aa0
0000000100003b0c	ldr	w0, [sp, #0x18]
0000000100003b10	ldp	x29, x30, [sp, #0x60]
0000000100003b14	add	sp, sp, #0x70
0000000100003b18	ret
_leakByte:
0000000100003b1c	sub	sp, sp, #0x30
0000000100003b20	stp	x29, x30, [sp, #0x20]
0000000100003b24	add	x29, sp, #0x20
0000000100003b28	stur	x0, [x29, #-0x8]
0000000100003b2c	ldur	x8, [x29, #-0x8]
0000000100003b30	lsl	x8, x8, #2
0000000100003b34	str	x8, [sp, #0x10]
0000000100003b38	str	wzr, [sp, #0xc]
0000000100003b3c	mov	w8, #0x3
0000000100003b40	str	w8, [sp, #0x8]
0000000100003b44	b	0x100003b48
0000000100003b48	ldr	w8, [sp, #0x8]
0000000100003b4c	subs	w8, w8, #0x0
0000000100003b50	cset	w8, lt
0000000100003b54	tbnz	w8, #0x0, 0x100003b98
0000000100003b58	b	0x100003b5c
0000000100003b5c	ldr	w8, [sp, #0xc]
0000000100003b60	lsl	w8, w8, #2
0000000100003b64	str	w8, [sp, #0xc]
0000000100003b68	ldr	x8, [sp, #0x10]
0000000100003b6c	ldrsw	x9, [sp, #0x8]
0000000100003b70	add	x0, x8, x9
0000000100003b74	bl	_leakValue
0000000100003b78	ldr	w8, [sp, #0xc]
0000000100003b7c	orr	w8, w8, w0
0000000100003b80	str	w8, [sp, #0xc]
0000000100003b84	b	0x100003b88
0000000100003b88	ldr	w8, [sp, #0x8]
0000000100003b8c	subs	w8, w8, #0x1
0000000100003b90	str	w8, [sp, #0x8]
0000000100003b94	b	0x100003b48
0000000100003b98	ldr	w0, [sp, #0xc]
0000000100003b9c	ldp	x29, x30, [sp, #0x20]
0000000100003ba0	add	sp, sp, #0x30
0000000100003ba4	ret
